<?xml version="1.0" encoding="UTF-8"?>
<!-- Generated by org.testng.reporters.JUnitReportReporter -->
<testsuite hostname="BhushanPatil" failures="0" tests="1" name="TestNG.Example7_AssertClass1_assertEquals" time="0.013" errors="0" timestamp="2023-07-22T14:25:41 IST" skipped="0">
  <testcase classname="TestNG.Example7_AssertClass1_assertEquals" name="TC1" time="0.013"/>
</testsuite> <!-- TestNG.Example7_AssertClass1_assertEquals -->
