<?xml version="1.0" encoding="UTF-8"?>
<!-- Generated by org.testng.reporters.JUnitReportReporter -->
<testsuite hostname="BhushanPatil" failures="0" tests="1" name="ActionsClass_Practice.Example9_KeyBoardAction" time="8.062" errors="0" timestamp="2023-11-15T10:39:24 IST" skipped="0">
  <testcase classname="ActionsClass_Practice.Example9_KeyBoardAction" name="keyboard" time="8.062"/>
</testsuite> <!-- ActionsClass_Practice.Example9_KeyBoardAction -->
