<?xml version="1.0" encoding="UTF-8"?>
<!-- Generated by org.testng.reporters.JUnitReportReporter -->
<testsuite hostname="BhushanPatil" failures="0" tests="1" name="Selenium_Waits.Explicit_Waits1" time="11.163" errors="0" timestamp="2023-07-05T15:34:49 IST" skipped="0">
  <testcase classname="Selenium_Waits.Explicit_Waits1" name="sample" time="11.163"/>
</testsuite> <!-- Selenium_Waits.Explicit_Waits1 -->
