<?xml version="1.0" encoding="UTF-8"?>
<!-- Generated by org.testng.reporters.JUnitReportReporter -->
<testsuite hostname="BhushanPatil" failures="0" tests="1" name="HandlingOfDynamicElements.Example3_PrintTime" time="41.876" errors="0" timestamp="2023-08-19T23:14:16 IST" skipped="0">
  <testcase classname="HandlingOfDynamicElements.Example3_PrintTime" name="getTime" time="41.876"/>
</testsuite> <!-- HandlingOfDynamicElements.Example3_PrintTime -->
