<?xml version="1.0" encoding="UTF-8"?>
<!-- Generated by org.testng.reporters.JUnitReportReporter -->
<testsuite hostname="BhushanPatil" failures="0" tests="4" name="DataProvider_TestNG.DataProvider_Test4" time="0.006" errors="0" timestamp="2023-07-22T18:39:45 IST" skipped="0">
  <testcase classname="DataProvider_TestNG.DataProvider_Test4" name="testData" time="0.001"/>
  <testcase classname="DataProvider_TestNG.DataProvider_Test4" name="testData" time="0.001"/>
  <testcase classname="DataProvider_TestNG.DataProvider_Test4" name="testData" time="0.004"/>
  <testcase classname="DataProvider_TestNG.DataProvider_Test4" name="testData" time="0.000"/>
</testsuite> <!-- DataProvider_TestNG.DataProvider_Test4 -->
