<?xml version="1.0" encoding="UTF-8"?>
<!-- Generated by org.testng.reporters.JUnitReportReporter -->
<testsuite hostname="BhushanPatil" failures="0" tests="4" name="TestNG_Practice.example6_Sample1" time="0.002" errors="0" timestamp="2023-06-18T18:22:04 IST" skipped="0">
  <testcase classname="TestNG_Practice.example6_Sample1" name="TC4" time="0.000">
    <system-out>
      <![CDATA[---running TC4---]]>
    </system-out>
  </testcase> <!-- TC4 -->
  <testcase classname="TestNG_Practice.example6_Sample1" name="TC2" time="0.001">
    <system-out>
      <![CDATA[---running TC2---]]>
    </system-out>
  </testcase> <!-- TC2 -->
  <testcase classname="TestNG_Practice.example6_Sample1" name="TC3" time="0.000">
    <system-out>
      <![CDATA[---running TC3---]]>
    </system-out>
  </testcase> <!-- TC3 -->
  <testcase classname="TestNG_Practice.example6_Sample1" name="TC1" time="0.001">
    <system-out>
      <![CDATA[---running TC1---]]>
    </system-out>
  </testcase> <!-- TC1 -->
  <system-out>
    <![CDATA[---running TC5---
---running TC6---
---running TC7---
---running TC1---
---running TC2---
---running TC3---
---running TC4---]]>
  </system-out>
</testsuite> <!-- TestNG_Practice.example6_Sample1 -->
