<?xml version="1.0" encoding="UTF-8"?>
<!-- Generated by org.testng.reporters.JUnitReportReporter -->
<testsuite hostname="BhushanPatil" failures="0" tests="3" name="TestNG.example5_TestNGKeyword5_dependsOnMethod2" time="0.002" errors="0" timestamp="2023-06-10T10:10:56 IST" skipped="0">
  <testcase classname="TestNG.example5_TestNGKeyword5_dependsOnMethod2" name="login2" time="0.001"/>
  <system-out>
    <![CDATA[---running login2 TC--]]>
  </system-out>
  <testcase classname="TestNG.example5_TestNGKeyword5_dependsOnMethod2" name="logout" time="0.001"/>
  <system-out>
    <![CDATA[---running logout TC--]]>
  </system-out>
  <testcase classname="TestNG.example5_TestNGKeyword5_dependsOnMethod2" name="login1" time="0.000"/>
  <system-out>
    <![CDATA[---running login1 TC--]]>
  </system-out>
</testsuite> <!-- TestNG.example5_TestNGKeyword5_dependsOnMethod2 -->
