<?xml version="1.0" encoding="UTF-8"?>
<!-- Generated by org.testng.reporters.JUnitReportReporter -->
<testsuite hostname="BhushanPatil" failures="0" tests="2" name="TestNG_Practice.Annotation" time="0.017" errors="0" timestamp="2023-06-18T10:29:43 IST" skipped="0">
  <testcase classname="TestNG_Practice.Annotation" name="TC1" time="0.010">
    <system-out>
      <![CDATA[--running the test case1---]]>
    </system-out>
  </testcase> <!-- TC1 -->
  <testcase classname="TestNG_Practice.Annotation" name="TC2" time="0.007">
    <system-out>
      <![CDATA[--running the test case2---]]>
    </system-out>
  </testcase> <!-- TC2 -->
  <system-out>
    <![CDATA[--open the browser---
--login in the application---
--login in the application1---
--running the test case1---
--logout from the application---
--login in the application---
--login in the application1---
--running the test case2---
--logout from the application---
--Close the browser---]]>
  </system-out>
</testsuite> <!-- TestNG_Practice.Annotation -->
