<?xml version="1.0" encoding="UTF-8"?>
<!-- Generated by org.testng.reporters.JUnitReportReporter -->
<testsuite hostname="BhushanPatil" failures="0" tests="3" name="TestNG.example12_MultiBrowser_Testing" time="50.302" errors="0" timestamp="2023-06-18T23:16:50 IST" skipped="0">
  <testcase classname="TestNG.example12_MultiBrowser_Testing" name="TC1" time="17.106"/>
  <testcase classname="TestNG.example12_MultiBrowser_Testing" name="TC1" time="16.077"/>
  <testcase classname="TestNG.example12_MultiBrowser_Testing" name="TC1" time="17.119"/>
</testsuite> <!-- TestNG.example12_MultiBrowser_Testing -->
