<?xml version="1.0" encoding="UTF-8"?>
<!-- Generated by org.testng.reporters.JUnitReportReporter -->
<testsuite hostname="BhushanPatil" failures="0" tests="1" name="HandlingOfShadowDom.OpenShadowDom" time="15.396" errors="0" timestamp="2023-09-28T10:02:26 IST" skipped="0">
  <testcase classname="HandlingOfShadowDom.OpenShadowDom" name="dom" time="15.396"/>
</testsuite> <!-- HandlingOfShadowDom.OpenShadowDom -->
