<?xml version="1.0" encoding="UTF-8"?>
<!-- Generated by org.testng.reporters.JUnitReportReporter -->
<testsuite hostname="BhushanPatil" failures="0" tests="1" name="TestNG.example8_DisableTCExecutionFromTestSuite" time="0.000" errors="0" timestamp="2023-06-16T15:10:21 IST" skipped="0">
  <testcase classname="TestNG.example8_DisableTCExecutionFromTestSuite" name="TC1" time="0.000">
    <system-out>
      <![CDATA[--running TC1--]]>
    </system-out>
  </testcase> <!-- TC1 -->
  <system-out>
    <![CDATA[--running TC1--]]>
  </system-out>
</testsuite> <!-- TestNG.example8_DisableTCExecutionFromTestSuite -->
