<?xml version="1.0" encoding="UTF-8"?>
<!-- Generated by org.testng.reporters.JUnitReportReporter -->
<testsuite hostname="BhushanPatil" failures="0" tests="4" name="DataProvider_TestNG.DataProvider_Test4" time="0.009" errors="0" timestamp="2023-08-13T10:47:35 IST" skipped="0">
  <testcase classname="DataProvider_TestNG.DataProvider_Test4" name="testData" time="0.004"/>
  <testcase classname="DataProvider_TestNG.DataProvider_Test4" name="testData" time="0.002"/>
  <testcase classname="DataProvider_TestNG.DataProvider_Test4" name="testData" time="0.002"/>
  <testcase classname="DataProvider_TestNG.DataProvider_Test4" name="testData" time="0.001"/>
</testsuite> <!-- DataProvider_TestNG.DataProvider_Test4 -->
