<?xml version="1.0" encoding="UTF-8"?>
<!-- Generated by org.testng.reporters.JUnitReportReporter -->
<testsuite hostname="BhushanPatil" failures="0" tests="1" name="WebElementMethods_Practice.PropertyOfElements" time="41.400" errors="0" timestamp="2023-09-16T14:49:10 IST" skipped="0">
  <testcase classname="WebElementMethods_Practice.PropertyOfElements" name="name" time="41.400"/>
</testsuite> <!-- WebElementMethods_Practice.PropertyOfElements -->
