<?xml version="1.0" encoding="UTF-8"?>
<!-- Generated by org.testng.reporters.JUnitReportReporter -->
<testsuite hostname="BhushanPatil" failures="0" tests="4" name="TestNG.DataProvider_Test1" time="91.752" errors="0" timestamp="2023-08-23T22:59:43 IST" skipped="0">
  <testcase classname="TestNG.DataProvider_Test1" name="test" time="17.025"/>
  <testcase classname="TestNG.DataProvider_Test1" name="test" time="17.751"/>
  <testcase classname="TestNG.DataProvider_Test1" name="test" time="34.954"/>
  <testcase classname="TestNG.DataProvider_Test1" name="test" time="22.022"/>
</testsuite> <!-- TestNG.DataProvider_Test1 -->
