<?xml version="1.0" encoding="UTF-8"?>
<!-- Generated by org.testng.reporters.JUnitReportReporter -->
<testsuite hostname="BhushanPatil" failures="0" tests="3" name="AllSeleniumPrograme.Tread_Count_Example2" time="51.550" errors="0" timestamp="2023-07-28T11:37:11 IST" skipped="0">
  <testcase classname="AllSeleniumPrograme.Tread_Count_Example2" name="M5" time="18.067"/>
  <testcase classname="AllSeleniumPrograme.Tread_Count_Example2" name="M4" time="16.958"/>
  <testcase classname="AllSeleniumPrograme.Tread_Count_Example2" name="M6" time="16.525"/>
</testsuite> <!-- AllSeleniumPrograme.Tread_Count_Example2 -->
