<?xml version="1.0" encoding="UTF-8"?>
<!-- Generated by org.testng.reporters.JUnitReportReporter -->
<testsuite hostname="BhushanPatil" failures="0" tests="4" name="AllSeleniumPrograme.invocationTimeOut_TreadPoolSize" time="74.798" errors="0" timestamp="2025-02-08T18:41:06 IST" skipped="0">
  <testcase classname="AllSeleniumPrograme.invocationTimeOut_TreadPoolSize" name="Test" time="11.484"/>
  <testcase classname="AllSeleniumPrograme.invocationTimeOut_TreadPoolSize" name="Test" time="15.172"/>
  <testcase classname="AllSeleniumPrograme.invocationTimeOut_TreadPoolSize" name="Test" time="9.727"/>
  <testcase classname="AllSeleniumPrograme.invocationTimeOut_TreadPoolSize" name="Test" time="38.415"/>
</testsuite> <!-- AllSeleniumPrograme.invocationTimeOut_TreadPoolSize -->
