<?xml version="1.0" encoding="UTF-8"?>
<!-- Generated by org.testng.reporters.JUnitReportReporter -->
<testsuite hostname="BhushanPatil" failures="0" tests="1" name="AllSeleniumPrograme.AutoCompleteGooglePlacesDropDown" time="26.813" errors="0" timestamp="2023-10-10T19:23:31 IST" skipped="0">
  <testcase classname="AllSeleniumPrograme.AutoCompleteGooglePlacesDropDown" name="Option" time="26.813"/>
</testsuite> <!-- AllSeleniumPrograme.AutoCompleteGooglePlacesDropDown -->
