<?xml version="1.0" encoding="UTF-8"?>
<!-- Generated by org.testng.reporters.JUnitReportReporter -->
<testsuite hostname="BhushanPatil" failures="0" tests="8" name="DataProvider_TestNG.DataProvider_Test" time="0.014" errors="0" timestamp="2023-09-05T13:35:38 IST" skipped="0">
  <testcase classname="DataProvider_TestNG.DataProvider_Test" name="test" time="0.007"/>
  <testcase classname="DataProvider_TestNG.DataProvider_Test" name="test" time="0.001"/>
  <testcase classname="DataProvider_TestNG.DataProvider_Test" name="test" time="0.001"/>
  <testcase classname="DataProvider_TestNG.DataProvider_Test" name="test" time="0.001"/>
  <testcase classname="DataProvider_TestNG.DataProvider_Test" name="test" time="0.001"/>
  <testcase classname="DataProvider_TestNG.DataProvider_Test" name="test" time="0.001"/>
  <testcase classname="DataProvider_TestNG.DataProvider_Test" name="test" time="0.001"/>
  <testcase classname="DataProvider_TestNG.DataProvider_Test" name="test" time="0.001"/>
</testsuite> <!-- DataProvider_TestNG.DataProvider_Test -->
