<?xml version="1.0" encoding="UTF-8"?>
<!-- Generated by org.testng.reporters.JUnitReportReporter -->
<testsuite hostname="BhushanPatil" failures="0" tests="1" name="HandlingOfShadowDom.ShadowRootUsing_Js" time="6.791" errors="0" timestamp="2023-10-01T19:27:00 IST" skipped="0">
  <testcase classname="HandlingOfShadowDom.ShadowRootUsing_Js" name="name" time="6.791"/>
</testsuite> <!-- HandlingOfShadowDom.ShadowRootUsing_Js -->
