<?xml version="1.0" encoding="UTF-8"?>
<!-- Generated by org.testng.reporters.JUnitReportReporter -->
<testsuite hostname="BhushanPatil" failures="0" tests="3" name="TestNG.example5_TestNGKeyword5_dependsOnMethod" time="0.005" errors="0" timestamp="2023-10-24T19:39:11 IST" skipped="0">
  <testcase classname="TestNG.example5_TestNGKeyword5_dependsOnMethod" name="lo" time="0.005">
    <system-out>
      <![CDATA[---running lo TC--]]>
    </system-out>
  </testcase> <!-- lo -->
  <testcase classname="TestNG.example5_TestNGKeyword5_dependsOnMethod" name="login" time="0.000">
    <system-out>
      <![CDATA[---running login TC--]]>
    </system-out>
  </testcase> <!-- login -->
  <testcase classname="TestNG.example5_TestNGKeyword5_dependsOnMethod" name="logout" time="0.000">
    <system-out>
      <![CDATA[---running logout TC--]]>
    </system-out>
  </testcase> <!-- logout -->
  <system-out>
    <![CDATA[---running lo TC--
---running login TC--
---running logout TC--]]>
  </system-out>
</testsuite> <!-- TestNG.example5_TestNGKeyword5_dependsOnMethod -->
