<?xml version="1.0" encoding="UTF-8"?>
<!-- Generated by org.testng.reporters.JUnitReportReporter -->
<testsuite hostname="BhushanPatil" failures="0" tests="2" name="TestNG.example4_Annotations" time="0.005" errors="0" timestamp="2023-10-24T19:11:23 IST" skipped="0">
  <testcase classname="TestNG.example4_Annotations" name="varifyfullname1" time="0.005">
    <system-out>
      <![CDATA[running varifyfullname1 TC ]]>
    </system-out>
  </testcase> <!-- varifyfullname1 -->
  <testcase classname="TestNG.example4_Annotations" name="varifyfullname2" time="0.000">
    <system-out>
      <![CDATA[running varifyfullname2 TC ]]>
    </system-out>
  </testcase> <!-- varifyfullname2 -->
  <system-out>
    <![CDATA[---open browser---
--login to app--
running varifyfullname1 TC 
---logout fron App---
--login to app--
running varifyfullname2 TC 
---logout fron App---
---Close the browser-----]]>
  </system-out>
</testsuite> <!-- TestNG.example4_Annotations -->
