<?xml version="1.0" encoding="UTF-8"?>
<!-- Generated by org.testng.reporters.JUnitReportReporter -->
<testsuite hostname="BhushanPatil" failures="0" tests="1" name="Selenium_Axes.Axes_facebook" time="5.901" errors="0" timestamp="2023-07-07T13:17:35 IST" skipped="0">
  <testcase classname="Selenium_Axes.Axes_facebook" name="Example" time="5.901"/>
</testsuite> <!-- Selenium_Axes.Axes_facebook -->
