<?xml version="1.0" encoding="UTF-8"?>
<!-- Generated by org.testng.reporters.JUnitReportReporter -->
<testsuite hostname="BhushanPatil" failures="0" tests="4" name="DataProvider_TestNG.DataProvider_Test2" time="0.000" errors="0" timestamp="2023-08-28T00:09:52 IST" skipped="0">
  <testcase classname="DataProvider_TestNG.DataProvider_Test2" name="testData" time="0.000"/>
  <testcase classname="DataProvider_TestNG.DataProvider_Test2" name="testData" time="0.000"/>
  <testcase classname="DataProvider_TestNG.DataProvider_Test2" name="testData" time="0.000"/>
  <testcase classname="DataProvider_TestNG.DataProvider_Test2" name="testData" time="0.000"/>
</testsuite> <!-- DataProvider_TestNG.DataProvider_Test2 -->
