<?xml version="1.0" encoding="UTF-8"?>
<!-- Generated by org.testng.reporters.JUnitReportReporter -->
<testsuite hostname="BhushanPatil" failures="0" tests="3" name="AllSeleniumPrograme.Tread_Count_Example1" time="43.940" errors="0" timestamp="2023-07-28T11:37:11 IST" skipped="0">
  <testcase classname="AllSeleniumPrograme.Tread_Count_Example1" name="M2" time="15.422"/>
  <testcase classname="AllSeleniumPrograme.Tread_Count_Example1" name="M1" time="14.926"/>
  <testcase classname="AllSeleniumPrograme.Tread_Count_Example1" name="M3" time="13.592"/>
</testsuite> <!-- AllSeleniumPrograme.Tread_Count_Example1 -->
