<?xml version="1.0" encoding="UTF-8"?>
<!-- Generated by org.testng.reporters.JUnitReportReporter -->
<testsuite hostname="BhushanPatil" failures="0" tests="4" name="DataProvider_TestNG.DataProvider_Test2" time="0.010" errors="0" timestamp="2023-07-22T18:37:47 IST" skipped="0">
  <testcase classname="DataProvider_TestNG.DataProvider_Test2" name="testData" time="0.001"/>
  <testcase classname="DataProvider_TestNG.DataProvider_Test2" name="testData" time="0.002"/>
  <testcase classname="DataProvider_TestNG.DataProvider_Test2" name="testData" time="0.001"/>
  <testcase classname="DataProvider_TestNG.DataProvider_Test2" name="testData" time="0.006"/>
</testsuite> <!-- DataProvider_TestNG.DataProvider_Test2 -->
