<?xml version="1.0" encoding="UTF-8"?>
<!-- Generated by org.testng.reporters.JUnitReportReporter -->
<testsuite hostname="BhushanPatil" failures="0" tests="4" name="AllSeleniumPrograme.invocationTimeOut_TreadPoolSize" time="40.676" errors="0" timestamp="2023-07-29T12:49:07 IST" skipped="0">
  <testcase classname="AllSeleniumPrograme.invocationTimeOut_TreadPoolSize" name="Test" time="11.834"/>
  <testcase classname="AllSeleniumPrograme.invocationTimeOut_TreadPoolSize" name="Test" time="11.786"/>
  <testcase classname="AllSeleniumPrograme.invocationTimeOut_TreadPoolSize" name="Test" time="11.786"/>
  <testcase classname="AllSeleniumPrograme.invocationTimeOut_TreadPoolSize" name="Test" time="5.270"/>
</testsuite> <!-- AllSeleniumPrograme.invocationTimeOut_TreadPoolSize -->
