<?xml version="1.0" encoding="UTF-8"?>
<!-- Generated by org.testng.reporters.JUnitReportReporter -->
<testsuite hostname="BhushanPatil" failures="0" tests="1" name="Selenium4_RelativeLocators.Below" time="9.568" errors="0" timestamp="2023-09-27T18:52:00 IST" skipped="0">
  <testcase classname="Selenium4_RelativeLocators.Below" name="below_relatives" time="9.568"/>
</testsuite> <!-- Selenium4_RelativeLocators.Below -->
