<?xml version="1.0" encoding="UTF-8"?>
<!-- Generated by org.testng.reporters.JUnitReportReporter -->
<testsuite hostname="BhushanPatil" failures="0" tests="1" name="AllSeleniumPrograme.SelectRandomNumFromDropDown" time="22.999" errors="0" timestamp="2023-10-22T12:11:09 IST" skipped="0">
  <testcase classname="AllSeleniumPrograme.SelectRandomNumFromDropDown" name="dropdown" time="22.999"/>
</testsuite> <!-- AllSeleniumPrograme.SelectRandomNumFromDropDown -->
