<?xml version="1.0" encoding="UTF-8"?>
<!-- Generated by org.testng.reporters.JUnitReportReporter -->
<testsuite hostname="BhushanPatil" failures="0" tests="4" name="DataProvider_TestNG.DataProvider_Test4" time="0.014" errors="0" timestamp="2023-06-20T15:13:31 IST" skipped="0">
  <testcase classname="DataProvider_TestNG.DataProvider_Test4" name="testData" time="0.010"/>
  <testcase classname="DataProvider_TestNG.DataProvider_Test4" name="testData" time="0.002"/>
  <testcase classname="DataProvider_TestNG.DataProvider_Test4" name="testData" time="0.002"/>
  <testcase classname="DataProvider_TestNG.DataProvider_Test4" name="testData" time="0.000"/>
</testsuite> <!-- DataProvider_TestNG.DataProvider_Test4 -->
