<?xml version="1.0" encoding="UTF-8"?>
<!-- Generated by org.testng.reporters.JUnitReportReporter -->
<testsuite hostname="BhushanPatil" failures="0" tests="3" name="TestNG.example5_TestNGKeyword2_EnableFalse" time="0.012" errors="0" timestamp="2023-07-22T13:31:29 IST" skipped="1">
  <testcase classname="TestNG.example5_TestNGKeyword2_EnableFalse" name="TC1" time="0.010">
    <system-out>
      <![CDATA[----running TC1----]]>
    </system-out>
  </testcase> <!-- TC1 -->
  <testcase classname="TestNG.example5_TestNGKeyword2_EnableFalse" name="TC2" time="0.002">
    <system-out>
      <![CDATA[----running TC2----]]>
    </system-out>
  </testcase> <!-- TC2 -->
  <testcase classname="TestNG.example5_TestNGKeyword2_EnableFalse" name="TC3">
    <skipped/>
  </testcase> <!-- TC3 -->
  <system-out>
    <![CDATA[----running TC1----
----running TC2----]]>
  </system-out>
</testsuite> <!-- TestNG.example5_TestNGKeyword2_EnableFalse -->
