<?xml version="1.0" encoding="UTF-8"?>
<!-- Generated by org.testng.reporters.JUnitReportReporter -->
<testsuite hostname="BhushanPatil" failures="0" tests="3" name="TestNG.example8_DisableTCExecutionFromTestSuite" time="0.030" errors="0" timestamp="2025-02-16T13:39:08 IST" skipped="0">
  <testcase classname="TestNG.example8_DisableTCExecutionFromTestSuite" name="TC1" time="0.010">
    <system-out>
      <![CDATA[--running TC1--]]>
    </system-out>
  </testcase> <!-- TC1 -->
  <testcase classname="TestNG.example8_DisableTCExecutionFromTestSuite" name="TC3" time="0.010">
    <system-out>
      <![CDATA[--running TC3--]]>
    </system-out>
  </testcase> <!-- TC3 -->
  <testcase classname="TestNG.example8_DisableTCExecutionFromTestSuite" name="TC2" time="0.010">
    <system-out>
      <![CDATA[--running TC2--]]>
    </system-out>
  </testcase> <!-- TC2 -->
  <system-out>
    <![CDATA[--running TC3--
--running TC2--
--running TC1--]]>
  </system-out>
</testsuite> <!-- TestNG.example8_DisableTCExecutionFromTestSuite -->
