<?xml version="1.0" encoding="UTF-8"?>
<!-- Generated by org.testng.reporters.JUnitReportReporter -->
<testsuite hostname="BhushanPatil" failures="0" tests="1" name="TestNG_Practice.example5_TestNGKeyword3_priority1" time="0.009" errors="0" timestamp="2023-06-18T10:57:25 IST" skipped="0">
  <testcase classname="TestNG_Practice.example5_TestNGKeyword3_priority1" name="TC1" time="0.009">
    <system-out>
      <![CDATA[--running TC1---]]>
    </system-out>
  </testcase> <!-- TC1 -->
  <system-out>
    <![CDATA[--running TC1---]]>
  </system-out>
</testsuite> <!-- TestNG_Practice.example5_TestNGKeyword3_priority1 -->
