<?xml version="1.0" encoding="UTF-8"?>
<!-- Generated by org.testng.reporters.JUnitReportReporter -->
<testsuite hostname="BhushanPatil" failures="0" tests="1" name="AllSeleniumPrograme.BrokenLinks" time="60.403" errors="0" timestamp="2023-10-08T00:09:53 IST" skipped="0">
  <testcase classname="AllSeleniumPrograme.BrokenLinks" name="brokenlinks" time="60.403"/>
</testsuite> <!-- AllSeleniumPrograme.BrokenLinks -->
