<?xml version="1.0" encoding="UTF-8"?>
<!-- Generated by org.testng.reporters.JUnitReportReporter -->
<testsuite hostname="BhushanPatil" failures="0" tests="5" name="TestNG.example9" time="0.008" errors="0" timestamp="2023-07-22T23:26:04 IST" skipped="0">
  <testcase classname="TestNG.example9" name="TC3" time="0.000">
    <system-out>
      <![CDATA[--running TC3--]]>
    </system-out>
  </testcase> <!-- TC3 -->
  <testcase classname="TestNG.example9" name="TC5" time="0.001">
    <system-out>
      <![CDATA[--running TC5--]]>
    </system-out>
  </testcase> <!-- TC5 -->
  <testcase classname="TestNG.example9" name="TC1" time="0.006">
    <system-out>
      <![CDATA[--running TC1--]]>
    </system-out>
  </testcase> <!-- TC1 -->
  <testcase classname="TestNG.example9" name="TC4" time="0.001">
    <system-out>
      <![CDATA[--running TC4--]]>
    </system-out>
  </testcase> <!-- TC4 -->
  <testcase classname="TestNG.example9" name="TC2" time="0.000">
    <system-out>
      <![CDATA[--running TC2--]]>
    </system-out>
  </testcase> <!-- TC2 -->
  <system-out>
    <![CDATA[--running TC1--
--running TC2--
--running TC3--
--running TC4--
--running TC5--]]>
  </system-out>
</testsuite> <!-- TestNG.example9 -->
