<?xml version="1.0" encoding="UTF-8"?>
<!-- Generated by org.testng.reporters.JUnitReportReporter -->
<testsuite hostname="BhushanPatil" failures="0" tests="1" name="TestNG.example8_DisableTCExecutionFromTestSuite" time="0.010" errors="0" timestamp="2023-10-08T19:43:40 IST" skipped="0">
  <testcase classname="TestNG.example8_DisableTCExecutionFromTestSuite" name="TC4" time="0.010">
    <system-out>
      <![CDATA[--running TC4--]]>
    </system-out>
  </testcase> <!-- TC4 -->
  <system-out>
    <![CDATA[--running TC4--]]>
  </system-out>
</testsuite> <!-- TestNG.example8_DisableTCExecutionFromTestSuite -->
