<?xml version="1.0" encoding="UTF-8"?>
<!-- Generated by org.testng.reporters.JUnitReportReporter -->
<testsuite hostname="BhushanPatil" failures="0" tests="2" name="TestNG_Practice.example9" time="0.009" errors="0" timestamp="2023-06-18T18:49:03 IST" skipped="0">
  <testcase classname="TestNG_Practice.example9" name="TC2" time="0.000">
    <system-out>
      <![CDATA[--running TC2--]]>
    </system-out>
  </testcase> <!-- TC2 -->
  <testcase classname="TestNG_Practice.example9" name="TC1" time="0.009">
    <system-out>
      <![CDATA[--running TC1--]]>
    </system-out>
  </testcase> <!-- TC1 -->
  <system-out>
    <![CDATA[--running TC1--
--running TC2--]]>
  </system-out>
</testsuite> <!-- TestNG_Practice.example9 -->
