<?xml version="1.0" encoding="UTF-8"?>
<!-- Generated by org.testng.reporters.JUnitReportReporter -->
<testsuite hostname="BhushanPatil" failures="0" tests="1" name="AllSeleniumPrograme.UseDataUsingSuiteFile" time="6.676" errors="0" timestamp="2023-10-08T22:37:01 IST" skipped="0">
  <testcase classname="AllSeleniumPrograme.UseDataUsingSuiteFile" name="data" time="6.676"/>
</testsuite> <!-- AllSeleniumPrograme.UseDataUsingSuiteFile -->
