<?xml version="1.0" encoding="UTF-8"?>
<!-- Generated by org.testng.reporters.JUnitReportReporter -->
<testsuite hostname="BhushanPatil" failures="0" tests="1" name="AllSeleniumPrograme.Enable_DisableTextBox" time="7.930" errors="0" timestamp="2023-09-09T14:22:58 IST" skipped="0">
  <testcase classname="AllSeleniumPrograme.Enable_DisableTextBox" name="enable" time="7.930"/>
</testsuite> <!-- AllSeleniumPrograme.Enable_DisableTextBox -->
