<?xml version="1.0" encoding="UTF-8"?>
<!-- Generated by org.testng.reporters.JUnitReportReporter -->
<testsuite hostname="BhushanPatil" failures="0" tests="1" name="TestNG.example6_Sample2" time="0.000" errors="0" timestamp="2023-06-15T13:23:59 IST" skipped="0">
  <testcase classname="TestNG.example6_Sample2" name="TC7" time="0.000">
    <system-out>
      <![CDATA[---running TC7---]]>
    </system-out>
  </testcase> <!-- TC7 -->
  <system-out>
    <![CDATA[---running TC3---
---running TC4---
---running TC7---]]>
  </system-out>
</testsuite> <!-- TestNG.example6_Sample2 -->
