<?xml version="1.0" encoding="UTF-8"?>
<!-- Generated by org.testng.reporters.JUnitReportReporter -->
<testsuite hostname="BhushanPatil" failures="0" tests="1" name="TestNG.example11_Parallel1" time="7.532" errors="0" timestamp="2023-06-18T19:08:00 IST" skipped="0">
  <testcase classname="TestNG.example11_Parallel1" name="openFacebookApp" time="7.532"/>
</testsuite> <!-- TestNG.example11_Parallel1 -->
