<?xml version="1.0" encoding="UTF-8"?>
<!-- Generated by org.testng.reporters.JUnitReportReporter -->
<testsuite hostname="BhushanPatil" failures="0" tests="3" name="TestNG_Practice.Emailable_Report" time="0.019" errors="0" timestamp="2023-06-18T10:06:06 IST" skipped="0">
  <testcase classname="TestNG_Practice.Emailable_Report" name="TC1" time="0.011">
    <system-out>
      <![CDATA[---running TC1----]]>
    </system-out>
  </testcase> <!-- TC1 -->
  <testcase classname="TestNG_Practice.Emailable_Report" name="TC2" time="0.001">
    <system-out>
      <![CDATA[---running TC3----]]>
    </system-out>
  </testcase> <!-- TC2 -->
  <testcase classname="TestNG_Practice.Emailable_Report" name="TC3" time="0.007">
    <system-out>
      <![CDATA[---running TC3----]]>
    </system-out>
  </testcase> <!-- TC3 -->
  <system-out>
    <![CDATA[---running TC1----
---running TC3----
---running TC3----]]>
  </system-out>
</testsuite> <!-- TestNG_Practice.Emailable_Report -->
