<?xml version="1.0" encoding="UTF-8"?>
<!-- Generated by org.testng.reporters.JUnitReportReporter -->
<testsuite hostname="BhushanPatil" failures="0" tests="1" name="Popup_Practice.Example3_switchToChildWindow4" time="10.379" errors="0" timestamp="2023-08-27T00:30:20 IST" skipped="0">
  <testcase classname="Popup_Practice.Example3_switchToChildWindow4" name="window" time="10.379"/>
</testsuite> <!-- Popup_Practice.Example3_switchToChildWindow4 -->
