<?xml version="1.0" encoding="UTF-8"?>
<!-- Generated by org.testng.reporters.JUnitReportReporter -->
<testsuite hostname="BhushanPatil" failures="0" tests="1" name="WebElementMethods_Practice.StaleElementException" time="7.062" errors="0" timestamp="2023-10-10T13:28:05 IST" skipped="0">
  <testcase classname="WebElementMethods_Practice.StaleElementException" name="Exception" time="7.062"/>
</testsuite> <!-- WebElementMethods_Practice.StaleElementException -->
