<?xml version="1.0" encoding="UTF-8"?>
<!-- Generated by org.testng.reporters.JUnitReportReporter -->
<testsuite hostname="BhushanPatil" failures="0" tests="2" name="TestNG_Practice.example8_DisableTCExecutionFromTestSuite" time="0.009" errors="0" timestamp="2023-06-18T18:46:39 IST" skipped="0">
  <testcase classname="TestNG_Practice.example8_DisableTCExecutionFromTestSuite" name="TC4" time="0.001">
    <system-out>
      <![CDATA[--running TC4--]]>
    </system-out>
  </testcase> <!-- TC4 -->
  <testcase classname="TestNG_Practice.example8_DisableTCExecutionFromTestSuite" name="TC3" time="0.008">
    <system-out>
      <![CDATA[--running TC3--]]>
    </system-out>
  </testcase> <!-- TC3 -->
  <system-out>
    <![CDATA[--running TC3--
--running TC4--]]>
  </system-out>
</testsuite> <!-- TestNG_Practice.example8_DisableTCExecutionFromTestSuite -->
