<?xml version="1.0" encoding="UTF-8"?>
<!-- Generated by org.testng.reporters.JUnitReportReporter -->
<testsuite hostname="BhushanPatil" failures="0" tests="4" name="TestNG.example5_TestNGKeyword5_dependsOnMethod2" time="0.014" errors="0" timestamp="2023-10-24T19:35:21 IST" skipped="0">
  <testcase classname="TestNG.example5_TestNGKeyword5_dependsOnMethod2" name="logout" time="0.000">
    <system-out>
      <![CDATA[---running logout TC--]]>
    </system-out>
  </testcase> <!-- logout -->
  <testcase classname="TestNG.example5_TestNGKeyword5_dependsOnMethod2" name="login1" time="0.008">
    <system-out>
      <![CDATA[---running login1 TC--]]>
    </system-out>
  </testcase> <!-- login1 -->
  <testcase classname="TestNG.example5_TestNGKeyword5_dependsOnMethod2" name="login2" time="0.000">
    <system-out>
      <![CDATA[---running login2 TC--]]>
    </system-out>
  </testcase> <!-- login2 -->
  <testcase classname="TestNG.example5_TestNGKeyword5_dependsOnMethod2" name="login3" time="0.006">
    <system-out>
      <![CDATA[---running login3 TC--]]>
    </system-out>
  </testcase> <!-- login3 -->
  <system-out>
    <![CDATA[---running login1 TC--
---running login2 TC--
---running login3 TC--
---running logout TC--]]>
  </system-out>
</testsuite> <!-- TestNG.example5_TestNGKeyword5_dependsOnMethod2 -->
