<?xml version="1.0" encoding="UTF-8"?>
<!-- Generated by org.testng.reporters.JUnitReportReporter -->
<testsuite hostname="BhushanPatil" failures="0" tests="1" name="TestNG.Example7_AssertClass5" time="0.012" errors="0" timestamp="2023-07-22T14:31:54 IST" skipped="0">
  <testcase classname="TestNG.Example7_AssertClass5" name="TC5" time="0.012"/>
</testsuite> <!-- TestNG.Example7_AssertClass5 -->
