<?xml version="1.0" encoding="UTF-8"?>
<!-- Generated by org.testng.reporters.JUnitReportReporter -->
<testsuite hostname="BhushanPatil" failures="0" tests="3" name="TestNG.example8_DisableTCExecutionFromTestSuite" time="0.009" errors="0" timestamp="2023-07-22T22:47:36 IST" skipped="0">
  <testcase classname="TestNG.example8_DisableTCExecutionFromTestSuite" name="TC3" time="0.000">
    <system-out>
      <![CDATA[--running TC3--]]>
    </system-out>
  </testcase> <!-- TC3 -->
  <testcase classname="TestNG.example8_DisableTCExecutionFromTestSuite" name="TC4" time="0.000">
    <system-out>
      <![CDATA[--running TC4--]]>
    </system-out>
  </testcase> <!-- TC4 -->
  <testcase classname="TestNG.example8_DisableTCExecutionFromTestSuite" name="TC2" time="0.009">
    <system-out>
      <![CDATA[--running TC2--]]>
    </system-out>
  </testcase> <!-- TC2 -->
  <system-out>
    <![CDATA[--running TC2--
--running TC3--
--running TC4--]]>
  </system-out>
</testsuite> <!-- TestNG.example8_DisableTCExecutionFromTestSuite -->
