<?xml version="1.0" encoding="UTF-8"?>
<!-- Generated by org.testng.reporters.JUnitReportReporter -->
<testsuite hostname="BhushanPatil" failures="0" tests="3" name="TestNG.example5_TestNGKeyword3_priority1" time="0.007" errors="0" timestamp="2023-07-22T13:35:44 IST" skipped="0">
  <testcase classname="TestNG.example5_TestNGKeyword3_priority1" name="TC3" time="0.007">
    <system-out>
      <![CDATA[---running TC3----]]>
    </system-out>
  </testcase> <!-- TC3 -->
  <testcase classname="TestNG.example5_TestNGKeyword3_priority1" name="TC1" time="0.000">
    <system-out>
      <![CDATA[---running TC1----]]>
    </system-out>
  </testcase> <!-- TC1 -->
  <testcase classname="TestNG.example5_TestNGKeyword3_priority1" name="TC2" time="0.000">
    <system-out>
      <![CDATA[--running TC2-----]]>
    </system-out>
  </testcase> <!-- TC2 -->
  <system-out>
    <![CDATA[---running TC3----
---running TC1----
--running TC2-----]]>
  </system-out>
</testsuite> <!-- TestNG.example5_TestNGKeyword3_priority1 -->
