<?xml version="1.0" encoding="UTF-8"?>
<!-- Generated by org.testng.reporters.JUnitReportReporter -->
<testsuite hostname="BhushanPatil" failures="0" tests="3" name="TestNG.example5_TestNGKeyword2_EnableFalse" time="0.001" errors="0" timestamp="2023-06-12T23:21:30 IST" skipped="2">
  <testcase classname="TestNG.example5_TestNGKeyword2_EnableFalse" name="TC1" time="0.001">
    <system-out>
      <![CDATA[----running TC1----]]>
    </system-out>
  </testcase> <!-- TC1 -->
  <testcase classname="TestNG.example5_TestNGKeyword2_EnableFalse" name="TC3">
    <skipped/>
  </testcase> <!-- TC3 -->
  <testcase classname="TestNG.example5_TestNGKeyword2_EnableFalse" name="TC2">
    <skipped/>
  </testcase> <!-- TC2 -->
  <system-out>
    <![CDATA[--running TC2-----
---running TC3----
---running TC1----
--running TC1---
--running TC3---
--running TC2---
--running TC4---
---running login TC--
---running logout TC--
---running login1 TC--
---running login2 TC--
---running logout TC--
----running TC1----
--running TC1---
---running TC1----
---running TC1----
---running TC1----
---running TC1----
---running TC1----
---running TC2----
---running TC2----]]>
  </system-out>
</testsuite> <!-- TestNG.example5_TestNGKeyword2_EnableFalse -->
