<?xml version="1.0" encoding="UTF-8"?>
<!-- Generated by org.testng.reporters.JUnitReportReporter -->
<testsuite hostname="BhushanPatil" failures="0" tests="1" name="AllSeleniumPrograme.get" time="6.808" errors="0" timestamp="2023-09-21T22:01:57 IST" skipped="0">
  <testcase classname="AllSeleniumPrograme.get" name="getattribute" time="6.808"/>
</testsuite> <!-- AllSeleniumPrograme.get -->
