<?xml version="1.0" encoding="UTF-8"?>
<!-- Generated by org.testng.reporters.JUnitReportReporter -->
<testsuite hostname="BhushanPatil" failures="0" tests="3" name="DataProvider_TestNG.DataProvider_Test3" time="0.005" errors="0" timestamp="2023-06-20T14:58:29 IST" skipped="0">
  <testcase classname="DataProvider_TestNG.DataProvider_Test3" name="name" time="0.001"/>
  <testcase classname="DataProvider_TestNG.DataProvider_Test3" name="name" time="0.004"/>
  <testcase classname="DataProvider_TestNG.DataProvider_Test3" name="name" time="0.000"/>
</testsuite> <!-- DataProvider_TestNG.DataProvider_Test3 -->
