<?xml version="1.0" encoding="UTF-8"?>
<!-- Generated by org.testng.reporters.JUnitReportReporter -->
<testsuite hostname="BhushanPatil" failures="0" tests="1" name="HandlingOfWebTable_Practice.Example1" time="38.853" errors="0" timestamp="2025-01-30T14:35:09 IST" skipped="0">
  <testcase classname="HandlingOfWebTable_Practice.Example1" name="techlist" time="38.853"/>
</testsuite> <!-- HandlingOfWebTable_Practice.Example1 -->
