<?xml version="1.0" encoding="UTF-8"?>
<!-- Generated by org.testng.reporters.JUnitReportReporter -->
<testsuite hostname="BhushanPatil" failures="0" tests="1" name="TestNG_Practice.example5_TestNGKeyword4_Timeouts" time="8.981" errors="0" timestamp="2023-06-18T11:13:18 IST" skipped="0">
  <testcase classname="TestNG_Practice.example5_TestNGKeyword4_Timeouts" name="TC1" time="8.981"/>
</testsuite> <!-- TestNG_Practice.example5_TestNGKeyword4_Timeouts -->
