<?xml version="1.0" encoding="UTF-8"?>
<!-- Generated by org.testng.reporters.JUnitReportReporter -->
<testsuite hostname="BhushanPatil" failures="0" tests="8" name="DataProvider_TestNG.DataProvider_Test" time="0.011" errors="0" timestamp="2023-07-27T21:32:24 IST" skipped="0">
  <testcase classname="DataProvider_TestNG.DataProvider_Test" name="test" time="0.001"/>
  <testcase classname="DataProvider_TestNG.DataProvider_Test" name="test" time="0.001"/>
  <testcase classname="DataProvider_TestNG.DataProvider_Test" name="test" time="0.003"/>
  <testcase classname="DataProvider_TestNG.DataProvider_Test" name="test" time="0.005"/>
  <testcase classname="DataProvider_TestNG.DataProvider_Test" name="test" time="0.001"/>
  <testcase classname="DataProvider_TestNG.DataProvider_Test" name="test" time="0.000"/>
  <testcase classname="DataProvider_TestNG.DataProvider_Test" name="test" time="0.000"/>
  <testcase classname="DataProvider_TestNG.DataProvider_Test" name="test" time="0.000"/>
</testsuite> <!-- DataProvider_TestNG.DataProvider_Test -->
