<?xml version="1.0" encoding="UTF-8"?>
<!-- Generated by org.testng.reporters.JUnitReportReporter -->
<testsuite hostname="BhushanPatil" failures="0" tests="3" name="TestNG_Practice.Example12_MultiBrowser_Testing" time="126.068" errors="0" timestamp="2023-10-08T22:32:18 IST" skipped="0">
  <testcase classname="TestNG_Practice.Example12_MultiBrowser_Testing" name="TC1" time="53.521"/>
  <testcase classname="TestNG_Practice.Example12_MultiBrowser_Testing" name="TC1" time="14.694"/>
  <testcase classname="TestNG_Practice.Example12_MultiBrowser_Testing" name="TC1" time="57.853"/>
</testsuite> <!-- TestNG_Practice.Example12_MultiBrowser_Testing -->
