<?xml version="1.0" encoding="UTF-8"?>
<!-- Generated by org.testng.reporters.JUnitReportReporter -->
<testsuite hostname="BhushanPatil" failures="0" tests="1" name="TestNG_Practice.Example7_AssertClass2_assertNotEquals" time="0.009" errors="0" timestamp="2025-02-08T16:47:51 IST" skipped="0">
  <testcase classname="TestNG_Practice.Example7_AssertClass2_assertNotEquals" name="TC2" time="0.009"/>
</testsuite> <!-- TestNG_Practice.Example7_AssertClass2_assertNotEquals -->
