<?xml version="1.0" encoding="UTF-8"?>
<!-- Generated by org.testng.reporters.JUnitReportReporter -->
<testsuite hostname="BhushanPatil" failures="0" tests="2" name="TestNG_Practice.example5_TestNGKeyword5_dependsOnMetho" time="0.012" errors="0" timestamp="2023-06-18T11:20:05 IST" skipped="0">
  <testcase classname="TestNG_Practice.example5_TestNGKeyword5_dependsOnMetho" name="logout" time="0.001">
    <system-out>
      <![CDATA[--running logout TC----]]>
    </system-out>
  </testcase> <!-- logout -->
  <testcase classname="TestNG_Practice.example5_TestNGKeyword5_dependsOnMetho" name="login" time="0.011">
    <system-out>
      <![CDATA[--running login TC----]]>
    </system-out>
  </testcase> <!-- login -->
  <system-out>
    <![CDATA[--running login TC----
--running logout TC----]]>
  </system-out>
</testsuite> <!-- TestNG_Practice.example5_TestNGKeyword5_dependsOnMetho -->
