<?xml version="1.0" encoding="UTF-8"?>
<!-- Generated by org.testng.reporters.JUnitReportReporter -->
<testsuite hostname="BhushanPatil" failures="0" tests="1" name="ListBox_Practice.ValidateTheSortedOrNot" time="40.831" errors="0" timestamp="2023-09-25T16:40:21 IST" skipped="0">
  <testcase classname="ListBox_Practice.ValidateTheSortedOrNot" name="sorted" time="40.831"/>
</testsuite> <!-- ListBox_Practice.ValidateTheSortedOrNot -->
