<?xml version="1.0" encoding="UTF-8"?>
<!-- Generated by org.testng.reporters.JUnitReportReporter -->
<testsuite hostname="BhushanPatil" failures="0" tests="1" name="HandlingOfMultipleElements.CountNumberOfRadioButton" time="20.414" errors="0" timestamp="2023-10-15T19:29:37 IST" skipped="0">
  <testcase classname="HandlingOfMultipleElements.CountNumberOfRadioButton" name="RadioButton" time="20.414"/>
</testsuite> <!-- HandlingOfMultipleElements.CountNumberOfRadioButton -->
