<?xml version="1.0" encoding="UTF-8"?>
<!-- Generated by org.testng.reporters.JUnitReportReporter -->
<testsuite hostname="BhushanPatil" failures="0" tests="1" name="ExcelSheet_Practice.getAlldatafromExcel" time="0.963" errors="0" timestamp="2023-08-24T17:03:13 IST" skipped="0">
  <testcase classname="ExcelSheet_Practice.getAlldatafromExcel" name="alldata" time="0.963"/>
</testsuite> <!-- ExcelSheet_Practice.getAlldatafromExcel -->
