<?xml version="1.0" encoding="UTF-8"?>
<!-- Generated by org.testng.reporters.JUnitReportReporter -->
<testsuite hostname="BhushanPatil" failures="0" tests="1" name="JavaScriptExecutor.Example5" time="20.255" errors="0" timestamp="2023-09-02T22:21:19 IST" skipped="0">
  <testcase classname="JavaScriptExecutor.Example5" name="send" time="20.255"/>
</testsuite> <!-- JavaScriptExecutor.Example5 -->
