<?xml version="1.0" encoding="UTF-8"?>
<!-- Generated by org.testng.reporters.JUnitReportReporter -->
<testsuite hostname="BhushanPatil" failures="0" tests="1" name="ActionsClass.Example9_KeyBoardAction" time="98.076" errors="0" timestamp="2023-08-28T23:02:19 IST" skipped="0">
  <testcase classname="ActionsClass.Example9_KeyBoardAction" name="keyboard" time="98.076"/>
</testsuite> <!-- ActionsClass.Example9_KeyBoardAction -->
