<?xml version="1.0" encoding="UTF-8"?>
<!-- Generated by org.testng.reporters.JUnitReportReporter -->
<testsuite hostname="BhushanPatil" failures="0" tests="1" name="ActionsClass.DragAndDropWithoutMethod" time="9.221" errors="0" timestamp="2023-10-13T17:52:34 IST" skipped="0">
  <testcase classname="ActionsClass.DragAndDropWithoutMethod" name="DragAndDrop" time="9.221"/>
</testsuite> <!-- ActionsClass.DragAndDropWithoutMethod -->
