<?xml version="1.0" encoding="UTF-8"?>
<!-- Generated by org.testng.reporters.JUnitReportReporter -->
<testsuite hostname="BhushanPatil" failures="0" tests="3" name="AllSeleniumPrograme.Tread_Count_Example2" time="27.277" errors="0" timestamp="2023-09-22T11:03:39 IST" skipped="0">
  <testcase classname="AllSeleniumPrograme.Tread_Count_Example2" name="M5" time="9.154"/>
  <testcase classname="AllSeleniumPrograme.Tread_Count_Example2" name="M4" time="9.002"/>
  <testcase classname="AllSeleniumPrograme.Tread_Count_Example2" name="M6" time="9.121"/>
</testsuite> <!-- AllSeleniumPrograme.Tread_Count_Example2 -->
