<?xml version="1.0" encoding="UTF-8"?>
<!-- Generated by org.testng.reporters.JUnitReportReporter -->
<testsuite hostname="BhushanPatil" failures="0" tests="1" name="TestNG.example5_TestNGKeyword4_Timeouts" time="3.028" errors="0" timestamp="2023-06-12T23:21:30 IST" skipped="0">
  <testcase classname="TestNG.example5_TestNGKeyword4_Timeouts" name="TC1" time="3.028">
    <system-out>
      <![CDATA[--running TC1---]]>
    </system-out>
  </testcase> <!-- TC1 -->
  <system-out>
    <![CDATA[--running TC2-----
---running TC3----
---running TC1----
--running TC1---
--running TC3---
--running TC2---
--running TC4---
---running login TC--
---running logout TC--
---running login1 TC--
---running login2 TC--
---running logout TC--
----running TC1----
--running TC1---
---running TC1----
---running TC1----
---running TC1----
---running TC1----
---running TC1----
---running TC2----
---running TC2----]]>
  </system-out>
</testsuite> <!-- TestNG.example5_TestNGKeyword4_Timeouts -->
