<?xml version="1.0" encoding="UTF-8"?>
<!-- Generated by org.testng.reporters.JUnitReportReporter -->
<testsuite hostname="BhushanPatil" failures="0" tests="3" name="TestNG.example10_grouping2" time="0.008" errors="0" timestamp="2023-07-22T22:55:52 IST" skipped="0">
  <testcase classname="TestNG.example10_grouping2" name="TC2" time="0.000">
    <system-out>
      <![CDATA[--running TC2--]]>
    </system-out>
  </testcase> <!-- TC2 -->
  <testcase classname="TestNG.example10_grouping2" name="TC1" time="0.008">
    <system-out>
      <![CDATA[--running TC1--]]>
    </system-out>
  </testcase> <!-- TC1 -->
  <testcase classname="TestNG.example10_grouping2" name="TC3" time="0.000">
    <system-out>
      <![CDATA[--running TC3--]]>
    </system-out>
  </testcase> <!-- TC3 -->
  <system-out>
    <![CDATA[--running TC1--
--running TC2--
--running TC3--
--running TC1--
--running TC2--
--running TC3--]]>
  </system-out>
</testsuite> <!-- TestNG.example10_grouping2 -->
