<?xml version="1.0" encoding="UTF-8"?>
<!-- Generated by org.testng.reporters.JUnitReportReporter -->
<testsuite hostname="BhushanPatil" failures="0" tests="1" name="AllSeleniumPrograme.get" time="52.697" errors="0" timestamp="2023-11-05T10:28:40 IST" skipped="0">
  <testcase classname="AllSeleniumPrograme.get" name="getattribute" time="52.697"/>
</testsuite> <!-- AllSeleniumPrograme.get -->
