<?xml version="1.0" encoding="UTF-8"?>
<!-- Generated by org.testng.reporters.JUnitReportReporter -->
<testsuite hostname="BhushanPatil" failures="0" tests="3" name="TestNG.example5_TestNGKeyword2_EnableFalse" time="0.004" errors="0" timestamp="2023-10-24T19:12:22 IST" skipped="2">
  <testcase classname="TestNG.example5_TestNGKeyword2_EnableFalse" name="TC1" time="0.004">
    <system-out>
      <![CDATA[----running TC1----]]>
    </system-out>
  </testcase> <!-- TC1 -->
  <testcase classname="TestNG.example5_TestNGKeyword2_EnableFalse" name="TC2">
    <skipped/>
  </testcase> <!-- TC2 -->
  <testcase classname="TestNG.example5_TestNGKeyword2_EnableFalse" name="TC3">
    <skipped/>
  </testcase> <!-- TC3 -->
  <system-out>
    <![CDATA[----running TC1----]]>
  </system-out>
</testsuite> <!-- TestNG.example5_TestNGKeyword2_EnableFalse -->
