<?xml version="1.0" encoding="UTF-8"?>
<!-- Generated by org.testng.reporters.JUnitReportReporter -->
<testsuite hostname="BhushanPatil" failures="0" tests="1" name="ActionsClass.DragAndDropWithoutMethod" time="21.812" errors="0" timestamp="2023-10-29T21:38:44 IST" skipped="0">
  <testcase classname="ActionsClass.DragAndDropWithoutMethod" name="DragAndDrop" time="21.812"/>
</testsuite> <!-- ActionsClass.DragAndDropWithoutMethod -->
