<?xml version="1.0" encoding="UTF-8"?>
<!-- Generated by org.testng.reporters.JUnitReportReporter -->
<testsuite hostname="BhushanPatil" failures="0" tests="4" name="DataProvider_TestNG.DataProvider_Test1" time="97.381" errors="0" timestamp="2023-08-17T23:53:46 IST" skipped="0">
  <testcase classname="DataProvider_TestNG.DataProvider_Test1" name="test" time="28.663"/>
  <testcase classname="DataProvider_TestNG.DataProvider_Test1" name="test" time="24.024"/>
  <testcase classname="DataProvider_TestNG.DataProvider_Test1" name="test" time="22.548"/>
  <testcase classname="DataProvider_TestNG.DataProvider_Test1" name="test" time="22.146"/>
</testsuite> <!-- DataProvider_TestNG.DataProvider_Test1 -->
