<?xml version="1.0" encoding="UTF-8"?>
<!-- Generated by org.testng.reporters.JUnitReportReporter -->
<testsuite hostname="BhushanPatil" failures="0" tests="1" name="Selenium_Waits.Fluent_Waits1" time="13.293" errors="0" timestamp="2023-08-24T15:33:32 IST" skipped="0">
  <testcase classname="Selenium_Waits.Fluent_Waits1" name="sendkey" time="13.293"/>
</testsuite> <!-- Selenium_Waits.Fluent_Waits1 -->
