<?xml version="1.0" encoding="UTF-8"?>
<!-- Generated by org.testng.reporters.JUnitReportReporter -->
<testsuite hostname="BhushanPatil" failures="0" tests="1" name="ActionsClass_Practice.DropDownHandle" time="26.386" errors="0" timestamp="2023-09-21T21:56:08 IST" skipped="0">
  <testcase classname="ActionsClass_Practice.DropDownHandle" name="Drop" time="26.386"/>
</testsuite> <!-- ActionsClass_Practice.DropDownHandle -->
