<?xml version="1.0" encoding="UTF-8"?>
<!-- Generated by org.testng.reporters.JUnitReportReporter -->
<testsuite hostname="BhushanPatil" failures="0" tests="3" name="TestNG_Practice.example6_Sample2" time="0.011" errors="0" timestamp="2023-06-18T18:22:04 IST" skipped="0">
  <testcase classname="TestNG_Practice.example6_Sample2" name="TC6" time="0.002">
    <system-out>
      <![CDATA[---running TC6---]]>
    </system-out>
  </testcase> <!-- TC6 -->
  <testcase classname="TestNG_Practice.example6_Sample2" name="TC7" time="0.002">
    <system-out>
      <![CDATA[---running TC7---]]>
    </system-out>
  </testcase> <!-- TC7 -->
  <testcase classname="TestNG_Practice.example6_Sample2" name="TC5" time="0.007">
    <system-out>
      <![CDATA[---running TC5---]]>
    </system-out>
  </testcase> <!-- TC5 -->
  <system-out>
    <![CDATA[---running TC5---
---running TC6---
---running TC7---
---running TC1---
---running TC2---
---running TC3---
---running TC4---]]>
  </system-out>
</testsuite> <!-- TestNG_Practice.example6_Sample2 -->
