<?xml version="1.0" encoding="UTF-8"?>
<!-- Generated by org.testng.reporters.JUnitReportReporter -->
<testsuite hostname="BhushanPatil" failures="0" tests="1" name="TestNG_Practice.example11_Parallel2" time="18.131" errors="0" timestamp="2023-11-01T18:48:24 IST" skipped="0">
  <testcase classname="TestNG_Practice.example11_Parallel2" name="openGoogleApp" time="18.131"/>
</testsuite> <!-- TestNG_Practice.example11_Parallel2 -->
