<?xml version="1.0" encoding="UTF-8"?>
<!-- Generated by org.testng.reporters.JUnitReportReporter -->
<testsuite hostname="BhushanPatil" failures="0" tests="5" name="TestNG.example3_EmailableReport" time="0.008" errors="0" timestamp="2023-06-06T10:23:37 IST" skipped="0">
  <testcase classname="TestNG.example3_EmailableReport" name="TC2" time="0.001"/>
  <system-out>
    <![CDATA[running TC2 test case]]>
  </system-out>
  <testcase classname="TestNG.example3_EmailableReport" name="TC5" time="0.000"/>
  <system-out/>
  <testcase classname="TestNG.example3_EmailableReport" name="TC1" time="0.007"/>
  <system-out>
    <![CDATA[running TC1 test case]]>
  </system-out>
  <testcase classname="TestNG.example3_EmailableReport" name="TC3" time="0.000"/>
  <system-out>
    <![CDATA[running TC3 test case]]>
  </system-out>
  <testcase classname="TestNG.example3_EmailableReport" name="TC4" time="0.000"/>
  <system-out>
    <![CDATA[running TC4 test case]]>
  </system-out>
</testsuite> <!-- TestNG.example3_EmailableReport -->
