<?xml version="1.0" encoding="UTF-8"?>
<!-- Generated by org.testng.reporters.JUnitReportReporter -->
<testsuite hostname="BhushanPatil" failures="0" tests="1" name="ExcelSheet_Practice.getAllDataInARow" time="0.645" errors="0" timestamp="2023-08-24T14:55:10 IST" skipped="0">
  <testcase classname="ExcelSheet_Practice.getAllDataInARow" name="DataInARow" time="0.645"/>
</testsuite> <!-- ExcelSheet_Practice.getAllDataInARow -->
