<?xml version="1.0" encoding="UTF-8"?>
<!-- Generated by org.testng.reporters.JUnitReportReporter -->
<testsuite hostname="BhushanPatil" failures="0" tests="3" name="TestNG_Practice.example5_TestNGKeyword5_dependsOnMethod2" time="0.010" errors="0" timestamp="2023-06-18T11:30:06 IST" skipped="0">
  <testcase classname="TestNG_Practice.example5_TestNGKeyword5_dependsOnMethod2" name="login1" time="0.008">
    <system-out>
      <![CDATA[--running login1---]]>
    </system-out>
  </testcase> <!-- login1 -->
  <testcase classname="TestNG_Practice.example5_TestNGKeyword5_dependsOnMethod2" name="login2" time="0.001">
    <system-out>
      <![CDATA[--running login2---]]>
    </system-out>
  </testcase> <!-- login2 -->
  <testcase classname="TestNG_Practice.example5_TestNGKeyword5_dependsOnMethod2" name="logout" time="0.001">
    <system-out>
      <![CDATA[--running logout---]]>
    </system-out>
  </testcase> <!-- logout -->
  <system-out>
    <![CDATA[--running login1---
--running login2---
--running logout---]]>
  </system-out>
</testsuite> <!-- TestNG_Practice.example5_TestNGKeyword5_dependsOnMethod2 -->
