<?xml version="1.0" encoding="UTF-8"?>
<!-- Generated by org.testng.reporters.JUnitReportReporter -->
<testsuite hostname="BhushanPatil" failures="0" tests="8" name="TestNG.DataProvider_Test" time="0.020" errors="0" timestamp="2023-07-22T12:19:47 IST" skipped="0">
  <testcase classname="TestNG.DataProvider_Test" name="test" time="0.001"/>
  <testcase classname="TestNG.DataProvider_Test" name="test" time="0.001"/>
  <testcase classname="TestNG.DataProvider_Test" name="test" time="0.001"/>
  <testcase classname="TestNG.DataProvider_Test" name="test" time="0.012"/>
  <testcase classname="TestNG.DataProvider_Test" name="test" time="0.002"/>
  <testcase classname="TestNG.DataProvider_Test" name="test" time="0.001"/>
  <testcase classname="TestNG.DataProvider_Test" name="test" time="0.001"/>
  <testcase classname="TestNG.DataProvider_Test" name="test" time="0.001"/>
</testsuite> <!-- TestNG.DataProvider_Test -->
