<?xml version="1.0" encoding="UTF-8"?>
<!-- Generated by org.testng.reporters.JUnitReportReporter -->
<testsuite hostname="BhushanPatil" failures="0" tests="2" name="TestNG.example9" time="0.010" errors="0" timestamp="2023-06-14T23:23:52 IST" skipped="0">
  <testcase classname="TestNG.example9" name="TC4" time="0.001">
    <system-out>
      <![CDATA[--running TC4--]]>
    </system-out>
  </testcase> <!-- TC4 -->
  <testcase classname="TestNG.example9" name="TC5" time="0.009">
    <system-out>
      <![CDATA[--running TC5--]]>
    </system-out>
  </testcase> <!-- TC5 -->
  <system-out>
    <![CDATA[--running TC5--
--running TC4--]]>
  </system-out>
</testsuite> <!-- TestNG.example9 -->
