<?xml version="1.0" encoding="UTF-8"?>
<!-- Generated by org.testng.reporters.JUnitReportReporter -->
<testsuite hostname="BhushanPatil" failures="0" tests="1" name="ActionsClass.Example8_Slider" time="28.590" errors="0" timestamp="2025-02-08T22:34:17 IST" skipped="0">
  <testcase classname="ActionsClass.Example8_Slider" name="slider" time="28.590"/>
</testsuite> <!-- ActionsClass.Example8_Slider -->
