<?xml version="1.0" encoding="UTF-8"?>
<!-- Generated by org.testng.reporters.JUnitReportReporter -->
<testsuite hostname="BhushanPatil" failures="0" tests="1" name="HandlingOfShadowDom.OpenShadowDom1" time="5.839" errors="0" timestamp="2023-10-03T21:59:50 IST" skipped="0">
  <testcase classname="HandlingOfShadowDom.OpenShadowDom1" name="name" time="5.839"/>
</testsuite> <!-- HandlingOfShadowDom.OpenShadowDom1 -->
