<?xml version="1.0" encoding="UTF-8"?>
<!-- Generated by org.testng.reporters.JUnitReportReporter -->
<testsuite hostname="BhushanPatil" failures="0" tests="1" name="ExcelSheet_Practice.getAllDataInAColm" time="0.673" errors="0" timestamp="2023-08-24T15:13:50 IST" skipped="0">
  <testcase classname="ExcelSheet_Practice.getAllDataInAColm" name="DataInACol" time="0.673"/>
</testsuite> <!-- ExcelSheet_Practice.getAllDataInAColm -->
