<?xml version="1.0" encoding="UTF-8"?>
<!-- Generated by org.testng.reporters.JUnitReportReporter -->
<testsuite hostname="BhushanPatil" failures="0" tests="3" name="TestNG.example5_TestNGKeyword5_dependsOnMethod2" time="0.005" errors="0" timestamp="2023-06-12T23:21:30 IST" skipped="0">
  <testcase classname="TestNG.example5_TestNGKeyword5_dependsOnMethod2" name="logout" time="0.001">
    <system-out>
      <![CDATA[---running logout TC--]]>
    </system-out>
  </testcase> <!-- logout -->
  <testcase classname="TestNG.example5_TestNGKeyword5_dependsOnMethod2" name="login1" time="0.002">
    <system-out>
      <![CDATA[---running login1 TC--]]>
    </system-out>
  </testcase> <!-- login1 -->
  <testcase classname="TestNG.example5_TestNGKeyword5_dependsOnMethod2" name="login2" time="0.002">
    <system-out>
      <![CDATA[---running login2 TC--]]>
    </system-out>
  </testcase> <!-- login2 -->
  <system-out>
    <![CDATA[--running TC2-----
---running TC3----
---running TC1----
--running TC1---
--running TC3---
--running TC2---
--running TC4---
---running login TC--
---running logout TC--
---running login1 TC--
---running login2 TC--
---running logout TC--
----running TC1----
--running TC1---
---running TC1----
---running TC1----
---running TC1----
---running TC1----
---running TC1----
---running TC2----
---running TC2----]]>
  </system-out>
</testsuite> <!-- TestNG.example5_TestNGKeyword5_dependsOnMethod2 -->
