<?xml version="1.0" encoding="UTF-8"?>
<!-- Generated by org.testng.reporters.JUnitReportReporter -->
<testsuite hostname="BhushanPatil" failures="0" tests="1" name="ListBox_Practice.ValidateTheDropDownIsSortedOrNot" time="25.365" errors="0" timestamp="2023-09-25T17:33:30 IST" skipped="0">
  <testcase classname="ListBox_Practice.ValidateTheDropDownIsSortedOrNot" name="Validate" time="25.365"/>
</testsuite> <!-- ListBox_Practice.ValidateTheDropDownIsSortedOrNot -->
