<?xml version="1.0" encoding="UTF-8"?>
<!-- Generated by org.testng.reporters.JUnitReportReporter -->
<testsuite hostname="BhushanPatil" failures="0" tests="1" name="ActionsClass.Example8_Slider" time="10.160" errors="0" timestamp="2023-10-07T15:25:47 IST" skipped="0">
  <testcase classname="ActionsClass.Example8_Slider" name="slider" time="10.160"/>
</testsuite> <!-- ActionsClass.Example8_Slider -->
