<?xml version="1.0" encoding="UTF-8"?>
<!-- Generated by org.testng.reporters.JUnitReportReporter -->
<testsuite hostname="BhushanPatil" failures="0" tests="1" name="AllSeleniumPrograme.SelectOption" time="24.965" errors="0" timestamp="2023-10-10T19:18:20 IST" skipped="0">
  <testcase classname="AllSeleniumPrograme.SelectOption" name="Option" time="24.965"/>
</testsuite> <!-- AllSeleniumPrograme.SelectOption -->
