<?xml version="1.0" encoding="UTF-8"?>
<!-- Generated by org.testng.reporters.JUnitReportReporter -->
<testsuite hostname="BhushanPatil" failures="0" tests="1" name="HandlingOfWebTable_Practice.Example1" time="45.151" errors="0" timestamp="2023-08-24T13:22:20 IST" skipped="0">
  <testcase classname="HandlingOfWebTable_Practice.Example1" name="techlist" time="45.151"/>
</testsuite> <!-- HandlingOfWebTable_Practice.Example1 -->
