<?xml version="1.0" encoding="UTF-8"?>
<!-- Generated by org.testng.reporters.JUnitReportReporter -->
<testsuite hostname="BhushanPatil" failures="0" tests="2" name="TestNG.example4_Annotations" time="0.006" errors="0" timestamp="2023-06-06T22:13:51 IST" skipped="0">
  <testcase classname="TestNG.example4_Annotations" name="varifyfullname2" time="0.002"/>
  <system-out>
    <![CDATA[running varifyfullname2 TC ]]>
  </system-out>
  <testcase classname="TestNG.example4_Annotations" name="varifyfullname1" time="0.004"/>
  <system-out>
    <![CDATA[running varifyfullname1 TC ]]>
  </system-out>
</testsuite> <!-- TestNG.example4_Annotations -->
