<?xml version="1.0" encoding="UTF-8"?>
<!-- Generated by org.testng.reporters.JUnitReportReporter -->
<testsuite hostname="BhushanPatil" failures="0" tests="1" name="TestNG.example11_Parallel2" time="9.377" errors="0" timestamp="2023-07-27T22:47:06 IST" skipped="0">
  <testcase classname="TestNG.example11_Parallel2" name="openGoogleApp" time="9.377"/>
</testsuite> <!-- TestNG.example11_Parallel2 -->
