<?xml version="1.0" encoding="UTF-8"?>
<!-- Generated by org.testng.reporters.JUnitReportReporter -->
<testsuite hostname="BhushanPatil" failures="0" tests="5" name="DataProvider_TestNG.DataProvider_Test" time="0.009" errors="0" timestamp="2025-02-18T21:08:10 IST" skipped="1">
  <testcase classname="DataProvider_TestNG.DataProvider_Test" name="test" time="0.007"/>
  <testcase classname="DataProvider_TestNG.DataProvider_Test" name="test" time="0.001"/>
  <testcase classname="DataProvider_TestNG.DataProvider_Test" name="test" time="0.001"/>
  <testcase classname="DataProvider_TestNG.DataProvider_Test" name="test" time="0.000"/>
  <testcase classname="DataProvider_TestNG.DataProvider_Test" name="test">
    <skipped/>
  </testcase> <!-- test -->
</testsuite> <!-- DataProvider_TestNG.DataProvider_Test -->
