<?xml version="1.0" encoding="UTF-8"?>
<!-- Generated by org.testng.reporters.JUnitReportReporter -->
<testsuite hostname="BhushanPatil" failures="0" tests="1" name="TestNG_Practice.Example7_AssertClass3_assertTrue" time="0.008" errors="0" timestamp="2023-06-18T18:38:13 IST" skipped="0">
  <testcase classname="TestNG_Practice.Example7_AssertClass3_assertTrue" name="TC3" time="0.008"/>
</testsuite> <!-- TestNG_Practice.Example7_AssertClass3_assertTrue -->
