<?xml version="1.0" encoding="UTF-8"?>
<!-- Generated by org.testng.reporters.JUnitReportReporter -->
<testsuite hostname="BhushanPatil" failures="0" tests="2" name="TestNG.example6_Sample1" time="0.006" errors="0" timestamp="2023-06-15T13:23:59 IST" skipped="0">
  <testcase classname="TestNG.example6_Sample1" name="TC4" time="0.000">
    <system-out>
      <![CDATA[---running TC4---]]>
    </system-out>
  </testcase> <!-- TC4 -->
  <testcase classname="TestNG.example6_Sample1" name="TC3" time="0.006">
    <system-out>
      <![CDATA[---running TC3---]]>
    </system-out>
  </testcase> <!-- TC3 -->
  <system-out>
    <![CDATA[---running TC3---
---running TC4---
---running TC7---]]>
  </system-out>
</testsuite> <!-- TestNG.example6_Sample1 -->
