<?xml version="1.0" encoding="UTF-8"?>
<!-- Generated by org.testng.reporters.JUnitReportReporter -->
<testsuite hostname="BhushanPatil" failures="0" tests="1" name="TestNG_Practice.example11_Parallel1" time="10.411" errors="0" timestamp="2023-08-20T14:07:54 IST" skipped="0">
  <testcase classname="TestNG_Practice.example11_Parallel1" name="openFacebookApp" time="10.411"/>
</testsuite> <!-- TestNG_Practice.example11_Parallel1 -->
