<?xml version="1.0" encoding="UTF-8"?>
<!-- Generated by org.testng.reporters.JUnitReportReporter -->
<testsuite hostname="BhushanPatil" failures="0" tests="1" name="Popup_Practice.FileDowloadExampleUsingRobotClass" time="9.908" errors="0" timestamp="2023-08-28T23:49:57 IST" skipped="0">
  <testcase classname="Popup_Practice.FileDowloadExampleUsingRobotClass" name="file" time="9.908"/>
</testsuite> <!-- Popup_Practice.FileDowloadExampleUsingRobotClass -->
