<?xml version="1.0" encoding="UTF-8"?>
<!-- Generated by org.testng.reporters.JUnitReportReporter -->
<testsuite hostname="BhushanPatil" failures="0" tests="1" name="TestNG.example2_TestNgTestClass" time="8.258" errors="0" timestamp="2023-06-05T23:27:42 IST" skipped="0">
  <testcase classname="TestNG.example2_TestNgTestClass" name="m1" time="8.258"/>
  <system-out/>
</testsuite> <!-- TestNG.example2_TestNgTestClass -->
