<?xml version="1.0" encoding="UTF-8"?>
<!-- Generated by org.testng.reporters.JUnitReportReporter -->
<testsuite hostname="BhushanPatil" failures="0" tests="1" name="Selenium_Waits.implicit_wait" time="9.211" errors="0" timestamp="2023-07-05T10:59:52 IST" skipped="0">
  <testcase classname="Selenium_Waits.implicit_wait" name="sample" time="9.211"/>
</testsuite> <!-- Selenium_Waits.implicit_wait -->
