<?xml version="1.0" encoding="UTF-8"?>
<!-- Generated by org.testng.reporters.JUnitReportReporter -->
<testsuite hostname="BhushanPatil" failures="0" tests="2" name="TestNG.example5_TestNGKeyword5_dependsOnMethod" time="0.007" errors="0" timestamp="2023-07-22T13:43:17 IST" skipped="0">
  <testcase classname="TestNG.example5_TestNGKeyword5_dependsOnMethod" name="login" time="0.007">
    <system-out>
      <![CDATA[---running login TC--]]>
    </system-out>
  </testcase> <!-- login -->
  <testcase classname="TestNG.example5_TestNGKeyword5_dependsOnMethod" name="logout" time="0.000">
    <system-out>
      <![CDATA[---running logout TC--]]>
    </system-out>
  </testcase> <!-- logout -->
  <system-out>
    <![CDATA[---running login TC--
---running logout TC--]]>
  </system-out>
</testsuite> <!-- TestNG.example5_TestNGKeyword5_dependsOnMethod -->
