<?xml version="1.0" encoding="UTF-8"?>
<!-- Generated by org.testng.reporters.JUnitReportReporter -->
<testsuite hostname="BhushanPatil" failures="0" tests="1" name="AllSeleniumPrograme.SetEnabledIsDisabled" time="9.717" errors="0" timestamp="2023-09-09T17:04:12 IST" skipped="0">
  <testcase classname="AllSeleniumPrograme.SetEnabledIsDisabled" name="Check" time="9.717"/>
</testsuite> <!-- AllSeleniumPrograme.SetEnabledIsDisabled -->
