<?xml version="1.0" encoding="UTF-8"?>
<!-- Generated by org.testng.reporters.JUnitReportReporter -->
<testsuite hostname="BhushanPatil" failures="0" tests="1" name="DatePicker.Demo1_UsingJS" time="5.916" errors="0" timestamp="2023-08-12T23:37:10 IST" skipped="0">
  <testcase classname="DatePicker.Demo1_UsingJS" name="selectdate" time="5.916"/>
</testsuite> <!-- DatePicker.Demo1_UsingJS -->
