<?xml version="1.0" encoding="UTF-8"?>
<!-- Generated by org.testng.reporters.JUnitReportReporter -->
<testsuite hostname="BhushanPatil" failures="0" tests="1" name="Popup_Practice.FileUploadExample2" time="8.175" errors="0" timestamp="2023-11-14T22:29:33 IST" skipped="0">
  <testcase classname="Popup_Practice.FileUploadExample2" name="upload" time="8.175"/>
</testsuite> <!-- Popup_Practice.FileUploadExample2 -->
