<?xml version="1.0" encoding="UTF-8"?>
<!-- Generated by org.testng.reporters.JUnitReportReporter -->
<testsuite hostname="BhushanPatil" failures="0" tests="1" name="ActionsClass.Example8_Slider" time="17.630" errors="0" timestamp="2023-11-03T22:46:53 IST" skipped="0">
  <testcase classname="ActionsClass.Example8_Slider" name="slider" time="17.630"/>
</testsuite> <!-- ActionsClass.Example8_Slider -->
