<?xml version="1.0" encoding="UTF-8"?>
<!-- Generated by org.testng.reporters.JUnitReportReporter -->
<testsuite hostname="BhushanPatil" failures="0" tests="1" name="TestNG.example2_TestNgTestClass" time="11.625" errors="0" timestamp="2023-09-22T11:09:15 IST" skipped="0">
  <testcase classname="TestNG.example2_TestNgTestClass" name="m1" time="11.625"/>
</testsuite> <!-- TestNG.example2_TestNgTestClass -->
