<?xml version="1.0" encoding="UTF-8"?>
<!-- Generated by org.testng.reporters.JUnitReportReporter -->
<testsuite hostname="BhushanPatil" failures="0" tests="1" name="Popup_Practice.FileUploadExample" time="11.444" errors="0" timestamp="2023-08-19T13:08:39 IST" skipped="0">
  <testcase classname="Popup_Practice.FileUploadExample" name="upload" time="11.444"/>
</testsuite> <!-- Popup_Practice.FileUploadExample -->
