<?xml version="1.0" encoding="UTF-8"?>
<!-- Generated by org.testng.reporters.JUnitReportReporter -->
<testsuite hostname="BhushanPatil" failures="0" tests="1" name="TestNG.example7_AllAssertMethods" time="8.847" errors="0" timestamp="2023-06-11T10:28:46 IST" skipped="0">
  <testcase classname="TestNG.example7_AllAssertMethods" name="softAssert" time="8.847"/>
  <system-out/>
</testsuite> <!-- TestNG.example7_AllAssertMethods -->
