<?xml version="1.0" encoding="UTF-8"?>
<!-- Generated by org.testng.reporters.JUnitReportReporter -->
<testsuite hostname="BhushanPatil" failures="0" tests="1" name="HandlingOfMultipleElements.Example5_selectMultipleCheckboxes" time="2.596" errors="0" timestamp="2023-10-02T11:29:32 IST" skipped="0">
  <testcase classname="HandlingOfMultipleElements.Example5_selectMultipleCheckboxes" name="checkbox" time="2.596"/>
</testsuite> <!-- HandlingOfMultipleElements.Example5_selectMultipleCheckboxes -->
