<?xml version="1.0" encoding="UTF-8"?>
<!-- Generated by org.testng.reporters.JUnitReportReporter -->
<testsuite hostname="BhushanPatil" failures="0" tests="6" name="TestNG_Practice.example5_TestNGKeyword3_priority2" time="0.016" errors="0" timestamp="2023-06-18T11:01:13 IST" skipped="0">
  <testcase classname="TestNG_Practice.example5_TestNGKeyword3_priority2" name="TC2" time="0.010">
    <system-out>
      <![CDATA[--running TC2---]]>
    </system-out>
  </testcase> <!-- TC2 -->
  <testcase classname="TestNG_Practice.example5_TestNGKeyword3_priority2" name="TC3" time="0.002">
    <system-out>
      <![CDATA[--running TC3---]]>
    </system-out>
  </testcase> <!-- TC3 -->
  <testcase classname="TestNG_Practice.example5_TestNGKeyword3_priority2" name="TC4" time="0.001">
    <system-out>
      <![CDATA[--running TC4---]]>
    </system-out>
  </testcase> <!-- TC4 -->
  <testcase classname="TestNG_Practice.example5_TestNGKeyword3_priority2" name="M1" time="0.001">
    <system-out>
      <![CDATA[--running TC1---]]>
    </system-out>
  </testcase> <!-- M1 -->
  <testcase classname="TestNG_Practice.example5_TestNGKeyword3_priority2" name="TC6" time="0.001">
    <system-out>
      <![CDATA[--running TC6---]]>
    </system-out>
  </testcase> <!-- TC6 -->
  <testcase classname="TestNG_Practice.example5_TestNGKeyword3_priority2" name="TC5" time="0.001">
    <system-out>
      <![CDATA[--running TC5---]]>
    </system-out>
  </testcase> <!-- TC5 -->
  <system-out>
    <![CDATA[--running TC2---
--running TC3---
--running TC4---
--running TC1---
--running TC5---
--running TC6---]]>
  </system-out>
</testsuite> <!-- TestNG_Practice.example5_TestNGKeyword3_priority2 -->
