<?xml version="1.0" encoding="UTF-8"?>
<!-- Generated by org.testng.reporters.JUnitReportReporter -->
<testsuite hostname="BhushanPatil" failures="0" tests="4" name="TestNG.DataProvider_Test1" time="404.776" errors="0" timestamp="2023-07-22T12:26:53 IST" skipped="0">
  <testcase classname="TestNG.DataProvider_Test1" name="test" time="193.444"/>
  <testcase classname="TestNG.DataProvider_Test1" name="test" time="20.531"/>
  <testcase classname="TestNG.DataProvider_Test1" name="test" time="171.641"/>
  <testcase classname="TestNG.DataProvider_Test1" name="test" time="19.160"/>
</testsuite> <!-- TestNG.DataProvider_Test1 -->
