<?xml version="1.0" encoding="UTF-8"?>
<!-- Generated by org.testng.reporters.JUnitReportReporter -->
<testsuite hostname="BhushanPatil" failures="0" tests="2" name="TestNG.example5_TestNGKeyword5_dependsOnMethod" time="0.001" errors="0" timestamp="2023-06-10T10:10:56 IST" skipped="0">
  <testcase classname="TestNG.example5_TestNGKeyword5_dependsOnMethod" name="logout" time="0.001"/>
  <system-out>
    <![CDATA[---running logout TC--]]>
  </system-out>
  <testcase classname="TestNG.example5_TestNGKeyword5_dependsOnMethod" name="login" time="0.000"/>
  <system-out>
    <![CDATA[---running login TC--]]>
  </system-out>
</testsuite> <!-- TestNG.example5_TestNGKeyword5_dependsOnMethod -->
