<?xml version="1.0" encoding="UTF-8"?>
<!-- Generated by org.testng.reporters.JUnitReportReporter -->
<testsuite hostname="BhushanPatil" failures="0" tests="1" name="HandlingOfShadowDom.ShowdowDom_InsideIframe" time="69.093" errors="0" timestamp="2023-11-12T11:51:32 IST" skipped="0">
  <testcase classname="HandlingOfShadowDom.ShowdowDom_InsideIframe" name="name" time="69.093"/>
</testsuite> <!-- HandlingOfShadowDom.ShowdowDom_InsideIframe -->
