<?xml version="1.0" encoding="UTF-8"?>
<!-- Generated by org.testng.reporters.JUnitReportReporter -->
<testsuite hostname="BhushanPatil" failures="0" tests="1" name="Selenium_Waits.Fluent_Waits1" time="11.930" errors="0" timestamp="2023-07-05T15:49:27 IST" skipped="0">
  <testcase classname="Selenium_Waits.Fluent_Waits1" name="sendkey" time="11.930"/>
</testsuite> <!-- Selenium_Waits.Fluent_Waits1 -->
