<?xml version="1.0" encoding="UTF-8"?>
<!-- Generated by org.testng.reporters.JUnitReportReporter -->
<testsuite hostname="BhushanPatil" failures="0" tests="1" name="TestNG.example12_MultiBrowser_Testing" time="26.248" errors="0" timestamp="2023-07-23T12:51:17 IST" skipped="0">
  <testcase classname="TestNG.example12_MultiBrowser_Testing" name="TC1" time="26.248"/>
</testsuite> <!-- TestNG.example12_MultiBrowser_Testing -->
