<?xml version="1.0" encoding="UTF-8"?>
<!-- Generated by org.testng.reporters.JUnitReportReporter -->
<testsuite hostname="BhushanPatil" failures="0" tests="1" name="HandlingOfShadowDom.ShowdowDom_InsideIframe" time="22.691" errors="0" timestamp="2023-09-28T11:03:23 IST" skipped="0">
  <testcase classname="HandlingOfShadowDom.ShowdowDom_InsideIframe" name="name" time="22.691"/>
</testsuite> <!-- HandlingOfShadowDom.ShowdowDom_InsideIframe -->
