<?xml version="1.0" encoding="UTF-8"?>
<!-- Generated by org.testng.reporters.JUnitReportReporter -->
<testsuite hostname="BhushanPatil" failures="0" tests="1" name="TestNG_Practice.Example7_AssertClass4_assertFalse" time="0.010" errors="0" timestamp="2023-06-18T18:38:48 IST" skipped="0">
  <testcase classname="TestNG_Practice.Example7_AssertClass4_assertFalse" name="TC4" time="0.010"/>
</testsuite> <!-- TestNG_Practice.Example7_AssertClass4_assertFalse -->
