<?xml version="1.0" encoding="UTF-8"?>
<!-- Generated by org.testng.reporters.JUnitReportReporter -->
<testsuite hostname="BhushanPatil" failures="0" tests="1" name="Popup_Practice.FileUploadExample" time="11.632" errors="0" timestamp="2023-11-14T22:15:26 IST" skipped="0">
  <testcase classname="Popup_Practice.FileUploadExample" name="upload" time="11.632"/>
</testsuite> <!-- Popup_Practice.FileUploadExample -->
