<?xml version="1.0" encoding="UTF-8"?>
<!-- Generated by org.testng.reporters.JUnitReportReporter -->
<testsuite hostname="BhushanPatil" failures="0" tests="4" name="AllSeleniumPrograme.invocationTimeOut_TreadPoolSize" time="39.586" errors="0" timestamp="2023-09-22T12:58:53 IST" skipped="0">
  <testcase classname="AllSeleniumPrograme.invocationTimeOut_TreadPoolSize" name="Test" time="6.457"/>
  <testcase classname="AllSeleniumPrograme.invocationTimeOut_TreadPoolSize" name="Test" time="11.203"/>
  <testcase classname="AllSeleniumPrograme.invocationTimeOut_TreadPoolSize" name="Test" time="12.055"/>
  <testcase classname="AllSeleniumPrograme.invocationTimeOut_TreadPoolSize" name="Test" time="9.871"/>
</testsuite> <!-- AllSeleniumPrograme.invocationTimeOut_TreadPoolSize -->
