<?xml version="1.0" encoding="UTF-8"?>
<!-- Generated by org.testng.reporters.JUnitReportReporter -->
<testsuite hostname="BhushanPatil" failures="0" tests="1" name="TestNG_Practice.example11_Parallel1" time="21.030" errors="0" timestamp="2023-07-22T23:01:31 IST" skipped="0">
  <testcase classname="TestNG_Practice.example11_Parallel1" name="openFacebookApp" time="21.030"/>
</testsuite> <!-- TestNG_Practice.example11_Parallel1 -->
