<?xml version="1.0" encoding="UTF-8"?>
<!-- Generated by org.testng.reporters.JUnitReportReporter -->
<testsuite hostname="BhushanPatil" failures="0" tests="4" name="DataProvider_TestNG.DataProvider_Test2" time="0.007" errors="0" timestamp="2023-06-20T14:40:03 IST" skipped="0">
  <testcase classname="DataProvider_TestNG.DataProvider_Test2" name="testData" time="0.000"/>
  <testcase classname="DataProvider_TestNG.DataProvider_Test2" name="testData" time="0.005"/>
  <testcase classname="DataProvider_TestNG.DataProvider_Test2" name="testData" time="0.001"/>
  <testcase classname="DataProvider_TestNG.DataProvider_Test2" name="testData" time="0.001"/>
</testsuite> <!-- DataProvider_TestNG.DataProvider_Test2 -->
