<?xml version="1.0" encoding="UTF-8"?>
<!-- Generated by org.testng.reporters.JUnitReportReporter -->
<testsuite hostname="BhushanPatil" failures="0" tests="2" name="TestNG.example12_MultiBrowser_Testing" time="24.708" errors="0" timestamp="2025-02-16T17:12:10 IST" skipped="0">
  <testcase classname="TestNG.example12_MultiBrowser_Testing" name="TC1" time="13.292"/>
  <testcase classname="TestNG.example12_MultiBrowser_Testing" name="TC1" time="11.416"/>
</testsuite> <!-- TestNG.example12_MultiBrowser_Testing -->
