<?xml version="1.0" encoding="UTF-8"?>
<!-- Generated by org.testng.reporters.JUnitReportReporter -->
<testsuite hostname="BhushanPatil" failures="0" tests="2" name="TestNG.example8_DisableTCExecutionFromTestSuite2_1" time="0.010" errors="0" timestamp="2023-09-08T10:05:20 IST" skipped="0">
  <testcase classname="TestNG.example8_DisableTCExecutionFromTestSuite2_1" name="TC5" time="0.008">
    <system-out>
      <![CDATA[--running TC5--]]>
    </system-out>
  </testcase> <!-- TC5 -->
  <testcase classname="TestNG.example8_DisableTCExecutionFromTestSuite2_1" name="TC6" time="0.002">
    <system-out>
      <![CDATA[--running TC6--]]>
    </system-out>
  </testcase> <!-- TC6 -->
  <system-out>
    <![CDATA[--running TC5--
--running TC6--
--running TC1--
--running TC2--]]>
  </system-out>
</testsuite> <!-- TestNG.example8_DisableTCExecutionFromTestSuite2_1 -->
