<?xml version="1.0" encoding="UTF-8"?>
<!-- Generated by org.testng.reporters.JUnitReportReporter -->
<testsuite hostname="BhushanPatil" failures="0" tests="1" name="HandlingOfAutoSugetions_Practice.GetText" time="29.838" errors="0" timestamp="2023-09-23T15:03:31 IST" skipped="0">
  <testcase classname="HandlingOfAutoSugetions_Practice.GetText" name="get" time="29.838"/>
</testsuite> <!-- HandlingOfAutoSugetions_Practice.GetText -->
