<?xml version="1.0" encoding="UTF-8"?>
<!-- Generated by org.testng.reporters.JUnitReportReporter -->
<testsuite hostname="BhushanPatil" failures="0" tests="1" name="POM_DDF_TestNG_BaseClass_UtilityClass.PBLoginTest1" time="14.336" errors="0" timestamp="2023-06-20T10:06:25 IST" skipped="0">
  <testcase classname="POM_DDF_TestNG_BaseClass_UtilityClass.PBLoginTest1" name="verifyFullName" time="14.336"/>
</testsuite> <!-- POM_DDF_TestNG_BaseClass_UtilityClass.PBLoginTest1 -->
