<?xml version="1.0" encoding="UTF-8"?>
<!-- Generated by org.testng.reporters.JUnitReportReporter -->
<testsuite hostname="BhushanPatil" failures="0" tests="1" name="Iframe.Example3" time="10.230" errors="0" timestamp="2023-10-24T19:05:02 IST" skipped="0">
  <testcase classname="Iframe.Example3" name="frame" time="10.230"/>
</testsuite> <!-- Iframe.Example3 -->
