<?xml version="1.0" encoding="UTF-8"?>
<!-- Generated by org.testng.reporters.JUnitReportReporter -->
<testsuite hostname="BhushanPatil" failures="0" tests="1" name="POM_DDF_TestNG.PBLoginTest1" time="13.919" errors="0" timestamp="2023-06-19T17:49:46 IST" skipped="0">
  <testcase classname="POM_DDF_TestNG.PBLoginTest1" name="verifyFullName" time="13.919"/>
</testsuite> <!-- POM_DDF_TestNG.PBLoginTest1 -->
