<?xml version="1.0" encoding="UTF-8"?>
<!-- Generated by org.testng.reporters.JUnitReportReporter -->
<testsuite hostname="BhushanPatil" failures="0" tests="1" name="HandlingOfAutoSugetions_Practice.GetTextFomAllSuggestion" time="11.302" errors="0" timestamp="2023-09-23T13:42:15 IST" skipped="0">
  <testcase classname="HandlingOfAutoSugetions_Practice.GetTextFomAllSuggestion" name="Suggestion" time="11.302"/>
</testsuite> <!-- HandlingOfAutoSugetions_Practice.GetTextFomAllSuggestion -->
