<?xml version="1.0" encoding="UTF-8"?>
<!-- Generated by org.testng.reporters.JUnitReportReporter -->
<testsuite hostname="BhushanPatil" failures="0" tests="3" name="com.crossbrowsertesting.framework.CrossBrowserTestSuite" time="34.821" errors="0" timestamp="2025-02-07T20:15:40 IST" skipped="0">
  <testcase classname="com.crossbrowsertesting.framework.CrossBrowserTestSuite" name="testGoogleSearch" time="10.795"/>
  <testcase classname="com.crossbrowsertesting.framework.CrossBrowserTestSuite" name="testGoogleSearch" time="9.882"/>
  <testcase classname="com.crossbrowsertesting.framework.CrossBrowserTestSuite" name="testGoogleSearch" time="14.144"/>
</testsuite> <!-- com.crossbrowsertesting.framework.CrossBrowserTestSuite -->
