<?xml version="1.0" encoding="UTF-8"?>
<!-- Generated by org.testng.reporters.JUnitReportReporter -->
<testsuite hostname="BhushanPatil" failures="0" tests="3" name="TestNG.example10_grouping1" time="0.012" errors="0" timestamp="2023-06-18T18:59:20 IST" skipped="0">
  <testcase classname="TestNG.example10_grouping1" name="TC4" time="0.002">
    <system-out>
      <![CDATA[--running TC4--]]>
    </system-out>
  </testcase> <!-- TC4 -->
  <testcase classname="TestNG.example10_grouping1" name="TC1" time="0.009">
    <system-out>
      <![CDATA[--running TC1--]]>
    </system-out>
  </testcase> <!-- TC1 -->
  <testcase classname="TestNG.example10_grouping1" name="TC2" time="0.001">
    <system-out>
      <![CDATA[--running TC2--]]>
    </system-out>
  </testcase> <!-- TC2 -->
  <system-out>
    <![CDATA[--running TC1--
--running TC2--
--running TC4--
--running TC1--
--running TC4--]]>
  </system-out>
</testsuite> <!-- TestNG.example10_grouping1 -->
