<?xml version="1.0" encoding="UTF-8"?>
<!-- Generated by org.testng.reporters.JUnitReportReporter -->
<testsuite hostname="BhushanPatil" failures="0" tests="3" name="TestNG_Practice.example5_TestNGKeyword2_EnableFalse" time="0.010" errors="0" timestamp="2023-06-18T10:35:12 IST" skipped="2">
  <testcase classname="TestNG_Practice.example5_TestNGKeyword2_EnableFalse" name="TC2" time="0.010">
    <system-out>
      <![CDATA[--running TC2---]]>
    </system-out>
  </testcase> <!-- TC2 -->
  <testcase classname="TestNG_Practice.example5_TestNGKeyword2_EnableFalse" name="TC1">
    <skipped/>
  </testcase> <!-- TC1 -->
  <testcase classname="TestNG_Practice.example5_TestNGKeyword2_EnableFalse" name="TC3">
    <skipped/>
  </testcase> <!-- TC3 -->
  <system-out>
    <![CDATA[--running TC2---]]>
  </system-out>
</testsuite> <!-- TestNG_Practice.example5_TestNGKeyword2_EnableFalse -->
