<?xml version="1.0" encoding="UTF-8"?>
<!-- Generated by org.testng.reporters.JUnitReportReporter -->
<testsuite hostname="BhushanPatil" failures="0" tests="1" name="AllSeleniumPrograme.SSL_Certificates" time="4.372" errors="0" timestamp="2023-08-26T23:05:29 IST" skipped="0">
  <testcase classname="AllSeleniumPrograme.SSL_Certificates" name="SSL" time="4.372"/>
</testsuite> <!-- AllSeleniumPrograme.SSL_Certificates -->
