<?xml version="1.0" encoding="UTF-8"?>
<!-- Generated by org.testng.reporters.JUnitReportReporter -->
<testsuite hostname="BhushanPatil" failures="0" tests="1" name="Popup_Practice.FileDowloadExampleUsingRobotClass" time="16.220" errors="0" timestamp="2025-02-08T22:24:51 IST" skipped="0">
  <testcase classname="Popup_Practice.FileDowloadExampleUsingRobotClass" name="file" time="16.220"/>
</testsuite> <!-- Popup_Practice.FileDowloadExampleUsingRobotClass -->
