<?xml version="1.0" encoding="UTF-8"?>
<!-- Generated by org.testng.reporters.JUnitReportReporter -->
<testsuite hostname="BhushanPatil" failures="0" tests="4" name="TestNG.example5_TestNGKeyword3_priority2" time="0.011" errors="0" timestamp="2023-07-22T13:36:48 IST" skipped="0">
  <testcase classname="TestNG.example5_TestNGKeyword3_priority2" name="TC1" time="0.008">
    <system-out>
      <![CDATA[--running TC1---]]>
    </system-out>
  </testcase> <!-- TC1 -->
  <testcase classname="TestNG.example5_TestNGKeyword3_priority2" name="TC3" time="0.000">
    <system-out>
      <![CDATA[--running TC3---]]>
    </system-out>
  </testcase> <!-- TC3 -->
  <testcase classname="TestNG.example5_TestNGKeyword3_priority2" name="TC4" time="0.001">
    <system-out>
      <![CDATA[--running TC4---]]>
    </system-out>
  </testcase> <!-- TC4 -->
  <testcase classname="TestNG.example5_TestNGKeyword3_priority2" name="TC2" time="0.002">
    <system-out>
      <![CDATA[--running TC2---]]>
    </system-out>
  </testcase> <!-- TC2 -->
  <system-out>
    <![CDATA[--running TC1---
--running TC3---
--running TC2---
--running TC4---]]>
  </system-out>
</testsuite> <!-- TestNG.example5_TestNGKeyword3_priority2 -->
