<?xml version="1.0" encoding="UTF-8"?>
<!-- Generated by org.testng.reporters.JUnitReportReporter -->
<testsuite hostname="BhushanPatil" failures="0" tests="1" name="Selenium_Axes.Following_Axes" time="79.175" errors="0" timestamp="2023-07-07T12:28:35 IST" skipped="0">
  <testcase classname="Selenium_Axes.Following_Axes" name="Example1" time="79.175"/>
</testsuite> <!-- Selenium_Axes.Following_Axes -->
