<?xml version="1.0" encoding="UTF-8"?>
<!-- Generated by org.testng.reporters.JUnitReportReporter -->
<testsuite hostname="BhushanPatil" failures="0" tests="10" name="TestNG_Practice.example5_TestNGKeyword1_invocationCount" time="0.015" errors="0" timestamp="2023-06-18T10:32:19 IST" skipped="0">
  <testcase classname="TestNG_Practice.example5_TestNGKeyword1_invocationCount" name="TC2" time="0.001">
    <system-out>
      <![CDATA[--running TC2---]]>
    </system-out>
  </testcase> <!-- TC2 -->
  <testcase classname="TestNG_Practice.example5_TestNGKeyword1_invocationCount" name="TC3" time="0.001">
    <system-out>
      <![CDATA[--running TC3---]]>
    </system-out>
  </testcase> <!-- TC3 -->
  <testcase classname="TestNG_Practice.example5_TestNGKeyword1_invocationCount" name="TC3" time="0.000">
    <system-out>
      <![CDATA[--running TC3---]]>
    </system-out>
  </testcase> <!-- TC3 -->
  <testcase classname="TestNG_Practice.example5_TestNGKeyword1_invocationCount" name="TC1" time="0.001">
    <system-out>
      <![CDATA[--running TC1---]]>
    </system-out>
  </testcase> <!-- TC1 -->
  <testcase classname="TestNG_Practice.example5_TestNGKeyword1_invocationCount" name="TC1" time="0.006">
    <system-out>
      <![CDATA[--running TC1---]]>
    </system-out>
  </testcase> <!-- TC1 -->
  <testcase classname="TestNG_Practice.example5_TestNGKeyword1_invocationCount" name="TC2" time="0.001">
    <system-out>
      <![CDATA[--running TC2---]]>
    </system-out>
  </testcase> <!-- TC2 -->
  <testcase classname="TestNG_Practice.example5_TestNGKeyword1_invocationCount" name="TC3" time="0.001">
    <system-out>
      <![CDATA[--running TC3---]]>
    </system-out>
  </testcase> <!-- TC3 -->
  <testcase classname="TestNG_Practice.example5_TestNGKeyword1_invocationCount" name="TC3" time="0.001">
    <system-out>
      <![CDATA[--running TC3---]]>
    </system-out>
  </testcase> <!-- TC3 -->
  <testcase classname="TestNG_Practice.example5_TestNGKeyword1_invocationCount" name="TC3" time="0.002">
    <system-out>
      <![CDATA[--running TC3---]]>
    </system-out>
  </testcase> <!-- TC3 -->
  <testcase classname="TestNG_Practice.example5_TestNGKeyword1_invocationCount" name="TC2" time="0.001">
    <system-out>
      <![CDATA[--running TC2---]]>
    </system-out>
  </testcase> <!-- TC2 -->
  <system-out>
    <![CDATA[--running TC1---
--running TC1---
--running TC2---
--running TC2---
--running TC2---
--running TC3---
--running TC3---
--running TC3---
--running TC3---
--running TC3---]]>
  </system-out>
</testsuite> <!-- TestNG_Practice.example5_TestNGKeyword1_invocationCount -->
