<?xml version="1.0" encoding="UTF-8"?>
<!-- Generated by org.testng.reporters.JUnitReportReporter -->
<testsuite hostname="BhushanPatil" failures="0" tests="1" name="Selenium4_RelativeLocators.RelativeLocators" time="8.462" errors="0" timestamp="2023-09-27T22:59:02 IST" skipped="0">
  <testcase classname="Selenium4_RelativeLocators.RelativeLocators" name="below_relatives" time="8.462"/>
</testsuite> <!-- Selenium4_RelativeLocators.RelativeLocators -->
