<?xml version="1.0" encoding="UTF-8"?>
<!-- Generated by org.testng.reporters.JUnitReportReporter -->
<testsuite hostname="BhushanPatil" failures="0" tests="4" name="TestNG.DataProvider_Test1" time="87.656" errors="0" timestamp="2025-02-16T13:42:03 IST" skipped="0">
  <testcase classname="TestNG.DataProvider_Test1" name="test" time="25.111"/>
  <testcase classname="TestNG.DataProvider_Test1" name="test" time="18.180"/>
  <testcase classname="TestNG.DataProvider_Test1" name="test" time="26.793"/>
  <testcase classname="TestNG.DataProvider_Test1" name="test" time="17.572"/>
</testsuite> <!-- TestNG.DataProvider_Test1 -->
