<?xml version="1.0" encoding="UTF-8"?>
<!-- Generated by org.testng.reporters.JUnitReportReporter -->
<testsuite hostname="BhushanPatil" failures="0" tests="5" name="TestNG_Practice.example5_TestNGKeyword3_priority2" time="0.007" errors="0" timestamp="2023-10-24T19:24:11 IST" skipped="0">
  <testcase classname="TestNG_Practice.example5_TestNGKeyword3_priority2" name="M1" time="0.007">
    <system-out>
      <![CDATA[--running TC1---]]>
    </system-out>
  </testcase> <!-- M1 -->
  <testcase classname="TestNG_Practice.example5_TestNGKeyword3_priority2" name="TC2" time="0.000">
    <system-out>
      <![CDATA[--running TC2---]]>
    </system-out>
  </testcase> <!-- TC2 -->
  <testcase classname="TestNG_Practice.example5_TestNGKeyword3_priority2" name="TC3" time="0.000">
    <system-out>
      <![CDATA[--running TC3---]]>
    </system-out>
  </testcase> <!-- TC3 -->
  <testcase classname="TestNG_Practice.example5_TestNGKeyword3_priority2" name="TC4" time="0.000">
    <system-out>
      <![CDATA[--running TC4---]]>
    </system-out>
  </testcase> <!-- TC4 -->
  <testcase classname="TestNG_Practice.example5_TestNGKeyword3_priority2" name="TC5" time="0.000">
    <system-out>
      <![CDATA[--running TC5---]]>
    </system-out>
  </testcase> <!-- TC5 -->
  <system-out>
    <![CDATA[--running TC1---
--running TC2---
--running TC3---
--running TC4---
--running TC5---]]>
  </system-out>
</testsuite> <!-- TestNG_Practice.example5_TestNGKeyword3_priority2 -->
