<?xml version="1.0" encoding="UTF-8"?>
<!-- Generated by org.testng.reporters.JUnitReportReporter -->
<testsuite hostname="BhushanPatil" failures="0" tests="1" name="DatePicker.Demo5_UsingJS" time="62.629" errors="0" timestamp="2023-09-01T21:18:41 IST" skipped="0">
  <testcase classname="DatePicker.Demo5_UsingJS" name="selectdate" time="62.629"/>
</testsuite> <!-- DatePicker.Demo5_UsingJS -->
