<?xml version="1.0" encoding="UTF-8"?>
<!-- Generated by org.testng.reporters.JUnitReportReporter -->
<testsuite hostname="BhushanPatil" failures="0" tests="1" name="TestNG.example5_TestNGKeyword4_Timeouts" time="4.935" errors="0" timestamp="2023-07-22T13:40:40 IST" skipped="0">
  <testcase classname="TestNG.example5_TestNGKeyword4_Timeouts" name="TC1" time="4.935">
    <system-out>
      <![CDATA[--running TC1---]]>
    </system-out>
  </testcase> <!-- TC1 -->
  <system-out>
    <![CDATA[--running TC1---]]>
  </system-out>
</testsuite> <!-- TestNG.example5_TestNGKeyword4_Timeouts -->
