<?xml version="1.0" encoding="UTF-8"?>
<!-- Generated by org.testng.reporters.JUnitReportReporter -->
<testsuite hostname="BhushanPatil" failures="0" tests="4" name="TestNG.DataProvider_Test1" time="79.334" errors="0" timestamp="2023-06-20T00:25:15 IST" skipped="0">
  <testcase classname="TestNG.DataProvider_Test1" name="test" time="16.888"/>
  <testcase classname="TestNG.DataProvider_Test1" name="test" time="21.433"/>
  <testcase classname="TestNG.DataProvider_Test1" name="test" time="23.464"/>
  <testcase classname="TestNG.DataProvider_Test1" name="test" time="17.549"/>
</testsuite> <!-- TestNG.DataProvider_Test1 -->
