<?xml version="1.0" encoding="UTF-8"?>
<!-- Generated by org.testng.reporters.JUnitReportReporter -->
<testsuite hostname="BhushanPatil" failures="0" tests="7" name="TestNG.example5_TestNGKeyword1_invocationCount" time="0.016" errors="0" timestamp="2023-07-22T13:30:16 IST" skipped="0">
  <testcase classname="TestNG.example5_TestNGKeyword1_invocationCount" name="TC1" time="0.008">
    <system-out>
      <![CDATA[---running TC1----]]>
    </system-out>
  </testcase> <!-- TC1 -->
  <testcase classname="TestNG.example5_TestNGKeyword1_invocationCount" name="TC2" time="0.001">
    <system-out>
      <![CDATA[---running TC2----]]>
    </system-out>
  </testcase> <!-- TC2 -->
  <testcase classname="TestNG.example5_TestNGKeyword1_invocationCount" name="TC1" time="0.002">
    <system-out>
      <![CDATA[---running TC1----]]>
    </system-out>
  </testcase> <!-- TC1 -->
  <testcase classname="TestNG.example5_TestNGKeyword1_invocationCount" name="TC1" time="0.001">
    <system-out>
      <![CDATA[---running TC1----]]>
    </system-out>
  </testcase> <!-- TC1 -->
  <testcase classname="TestNG.example5_TestNGKeyword1_invocationCount" name="TC2" time="0.002">
    <system-out>
      <![CDATA[---running TC2----]]>
    </system-out>
  </testcase> <!-- TC2 -->
  <testcase classname="TestNG.example5_TestNGKeyword1_invocationCount" name="TC1" time="0.001">
    <system-out>
      <![CDATA[---running TC1----]]>
    </system-out>
  </testcase> <!-- TC1 -->
  <testcase classname="TestNG.example5_TestNGKeyword1_invocationCount" name="TC1" time="0.001">
    <system-out>
      <![CDATA[---running TC1----]]>
    </system-out>
  </testcase> <!-- TC1 -->
  <system-out>
    <![CDATA[---running TC1----
---running TC1----
---running TC1----
---running TC1----
---running TC1----
---running TC2----
---running TC2----]]>
  </system-out>
</testsuite> <!-- TestNG.example5_TestNGKeyword1_invocationCount -->
