<?xml version="1.0" encoding="UTF-8"?>
<!-- Generated by org.testng.reporters.JUnitReportReporter -->
<testsuite hostname="BhushanPatil" failures="0" tests="1" name="TestNG.Example7_AssertClass2_assertNotEquals" time="0.008" errors="0" timestamp="2023-07-22T14:29:24 IST" skipped="0">
  <testcase classname="TestNG.Example7_AssertClass2_assertNotEquals" name="TC2" time="0.008"/>
</testsuite> <!-- TestNG.Example7_AssertClass2_assertNotEquals -->
