<?xml version="1.0" encoding="UTF-8"?>
<!-- Generated by org.testng.reporters.JUnitReportReporter -->
<testsuite hostname="BhushanPatil" failures="0" tests="1" name="HandlingOfShadowDom.ClosedShadowDom" time="9.821" errors="0" timestamp="2023-10-03T14:05:42 IST" skipped="0">
  <testcase classname="HandlingOfShadowDom.ClosedShadowDom" name="Dom" time="9.821"/>
</testsuite> <!-- HandlingOfShadowDom.ClosedShadowDom -->
