<?xml version="1.0" encoding="UTF-8"?>
<!-- Generated by org.testng.reporters.JUnitReportReporter -->
<testsuite hostname="BhushanPatil" failures="0" tests="3" name="DataProvider_TestNG.DataProvider_Test3" time="0.006" errors="0" timestamp="2023-08-13T10:46:03 IST" skipped="0">
  <testcase classname="DataProvider_TestNG.DataProvider_Test3" name="testData" time="0.005"/>
  <testcase classname="DataProvider_TestNG.DataProvider_Test3" name="testData" time="0.001"/>
  <testcase classname="DataProvider_TestNG.DataProvider_Test3" name="testData" time="0.000"/>
</testsuite> <!-- DataProvider_TestNG.DataProvider_Test3 -->
