<?xml version="1.0" encoding="UTF-8"?>
<!-- Generated by org.testng.reporters.JUnitReportReporter -->
<testsuite hostname="BhushanPatil" failures="0" tests="1" name="TestNG_Practice.GroupExampleTest" time="0.012" errors="0" timestamp="2025-02-16T16:19:34 IST" skipped="0">
  <testcase classname="TestNG_Practice.GroupExampleTest" name="testMethod1" time="0.012"/>
</testsuite> <!-- TestNG_Practice.GroupExampleTest -->
