<?xml version="1.0" encoding="UTF-8"?>
<!-- Generated by org.testng.reporters.JUnitReportReporter -->
<testsuite hostname="BhushanPatil" failures="0" tests="1" name="HandleSVGElements.SVG_2D" time="2.865" errors="0" timestamp="2023-10-02T23:01:12 IST" skipped="0">
  <testcase classname="HandleSVGElements.SVG_2D" name="svg" time="2.865"/>
</testsuite> <!-- HandleSVGElements.SVG_2D -->
