<?xml version="1.0" encoding="UTF-8"?>
<!-- Generated by org.testng.reporters.JUnitReportReporter -->
<testsuite hostname="BhushanPatil" failures="0" tests="7" name="TestNG.example5_TestNGKeyword1_invocationCount" time="0.018" errors="0" timestamp="2023-10-24T19:11:57 IST" skipped="0">
  <testcase classname="TestNG.example5_TestNGKeyword1_invocationCount" name="TC1" time="0.006">
    <system-out>
      <![CDATA[---running TC1----]]>
    </system-out>
  </testcase> <!-- TC1 -->
  <testcase classname="TestNG.example5_TestNGKeyword1_invocationCount" name="TC1" time="0.000">
    <system-out>
      <![CDATA[---running TC1----]]>
    </system-out>
  </testcase> <!-- TC1 -->
  <testcase classname="TestNG.example5_TestNGKeyword1_invocationCount" name="TC1" time="0.000">
    <system-out>
      <![CDATA[---running TC1----]]>
    </system-out>
  </testcase> <!-- TC1 -->
  <testcase classname="TestNG.example5_TestNGKeyword1_invocationCount" name="TC1" time="0.000">
    <system-out>
      <![CDATA[---running TC1----]]>
    </system-out>
  </testcase> <!-- TC1 -->
  <testcase classname="TestNG.example5_TestNGKeyword1_invocationCount" name="TC2" time="0.000">
    <system-out>
      <![CDATA[---running TC2----]]>
    </system-out>
  </testcase> <!-- TC2 -->
  <testcase classname="TestNG.example5_TestNGKeyword1_invocationCount" name="TC1" time="0.009">
    <system-out>
      <![CDATA[---running TC1----]]>
    </system-out>
  </testcase> <!-- TC1 -->
  <testcase classname="TestNG.example5_TestNGKeyword1_invocationCount" name="TC2" time="0.003">
    <system-out>
      <![CDATA[---running TC2----]]>
    </system-out>
  </testcase> <!-- TC2 -->
  <system-out>
    <![CDATA[---running TC1----
---running TC1----
---running TC1----
---running TC1----
---running TC1----
---running TC2----
---running TC2----]]>
  </system-out>
</testsuite> <!-- TestNG.example5_TestNGKeyword1_invocationCount -->
